2025-09-16 19:53:13,761 - INFO - 开始训练模型: gcn_gru_fuzzy, 数据集: SZBZ
2025-09-16 19:53:13,762 - INFO - 加载数据集: SZBZ
2025-09-16 19:56:13,454 - INFO - 开始训练模型: gcn_gru_fuzzy, 数据集: Los-loop_limited
2025-09-16 19:56:13,455 - INFO - 加载数据集: Los-loop_limited
2025-09-16 19:56:13,473 - INFO - 已加载预训练的标准化器
2025-09-16 19:56:13,473 - INFO - 数据集加载完成: X形状=(984, 12, 207), y形状=(984, 207), 外部特征形状=(984, 207, 10), 邻接矩阵形状=(207, 207)
2025-09-16 19:56:13,473 - INFO - 划分数据集...
2025-09-16 19:56:13,488 - INFO - 训练集大小: 590
2025-09-16 19:56:13,488 - INFO - 验证集大小: 197
2025-09-16 19:56:13,488 - INFO - 测试集大小: 197
2025-09-16 19:56:13,529 - INFO - 创建模型，节点数: 207, 隐藏层大小: 64
2025-09-16 19:56:13,529 - INFO - 创建模型: 节点数=207, 时间步=12, 隐藏层大小=64
2025-09-16 19:56:13,534 - INFO - 初始化模糊推理系统...
2025-09-16 19:56:14,555 - WARNING - From C:\Downloads\Anaconda\Lib\site-packages\keras\src\backend\tensorflow\core.py:232: The name tf.placeholder is deprecated. Please use tf.compat.v1.placeholder instead.

2025-09-16 19:56:14,639 - INFO - 模型结构摘要:
2025-09-16 19:56:14,653 - INFO - Model: "functional"
┏━━━━━━━━━━━━━━━━━━━┳━━━━━━━━━━━━━━━━━┳━━━━━━━━━━━┳━━━━━━━━━━━━━━━━━┓
┃ Layer (type)      ┃ Output Shape    ┃   Param # ┃ Connected to    ┃
┡━━━━━━━━━━━━━━━━━━━╇━━━━━━━━━━━━━━━━━╇━━━━━━━━━━━╇━━━━━━━━━━━━━━━━━┩
│ input_layer       │ (None, 12, 207) │         0 │ -               │
│ (InputLayer)      │                 │           │                 │
├───────────────────┼─────────────────┼───────────┼─────────────────┤
│ reshape (Reshape) │ (None, 12, 207, │         0 │ input_layer[0]… │
│                   │ 1)              │           │                 │
├───────────────────┼─────────────────┼───────────┼─────────────────┤
│ permute (Permute) │ (None, 207, 12, │         0 │ reshape[0][0]   │
│                   │ 1)              │           │                 │
├───────────────────┼─────────────────┼───────────┼─────────────────┤
│ reshape_1         │ (None, 207, 12) │         0 │ permute[0][0]   │
│ (Reshape)         │                 │           │                 │
├───────────────────┼─────────────────┼───────────┼─────────────────┤
│ input_layer_1     │ (None, 207,     │         0 │ -               │
│ (InputLayer)      │ 207)            │           │                 │
├───────────────────┼─────────────────┼───────────┼─────────────────┤
│ gcn_layer         │ (None, 207, 32) │       416 │ reshape_1[0][0… │
│ (GCNLayer)        │                 │           │ input_layer_1[… │
├───────────────────┼─────────────────┼───────────┼─────────────────┤
│ batch_normalizat… │ (None, 207, 32) │       128 │ gcn_layer[0][0] │
│ (BatchNormalizat… │                 │           │                 │
├───────────────────┼─────────────────┼───────────┼─────────────────┤
│ input_layer_2     │ (None, 207, 10) │         0 │ -               │
│ (InputLayer)      │                 │           │                 │
├───────────────────┼─────────────────┼───────────┼─────────────────┤
│ gcn_layer_1       │ (None, 207, 32) │     1,056 │ batch_normaliz… │
│ (GCNLayer)        │                 │           │ input_layer_1[… │
├───────────────────┼─────────────────┼───────────┼─────────────────┤
│ global_average_p… │ (None, 10)      │         0 │ input_layer_2[… │
│ (GlobalAveragePo… │                 │           │                 │
├───────────────────┼─────────────────┼───────────┼─────────────────┤
│ batch_normalizat… │ (None, 207, 32) │       128 │ gcn_layer_1[0]… │
│ (BatchNormalizat… │                 │           │                 │
├───────────────────┼─────────────────┼───────────┼─────────────────┤
│ dense (Dense)     │ (None, 64)      │       704 │ global_average… │
├───────────────────┼─────────────────┼───────────┼─────────────────┤
│ dropout (Dropout) │ (None, 128)     │         0 │ dense[0][0],    │
│                   │                 │           │ dense_2[0][0]   │
├───────────────────┼─────────────────┼───────────┼─────────────────┤
│ reshape_2         │ (None, 12, 552) │         0 │ batch_normaliz… │
│ (Reshape)         │                 │           │                 │
├───────────────────┼─────────────────┼───────────┼─────────────────┤
│ gru (GRU)         │ (None, 12, 64)  │   118,656 │ reshape_2[0][0] │
├───────────────────┼─────────────────┼───────────┼─────────────────┤
│ dense_1 (Dense)   │ (None, 32)      │     2,080 │ dropout[0][0]   │
├───────────────────┼─────────────────┼───────────┼─────────────────┤
│ gru_1 (GRU)       │ (None, 64)      │    24,960 │ gru[0][0]       │
├───────────────────┼─────────────────┼───────────┼─────────────────┤
│ batch_normalizat… │ (None, 32)      │       128 │ dense_1[0][0]   │
│ (BatchNormalizat… │                 │           │                 │
├───────────────────┼─────────────────┼───────────┼─────────────────┤
│ concatenate       │ (None, 96)      │         0 │ gru_1[0][0],    │
│ (Concatenate)     │                 │           │ batch_normaliz… │
├───────────────────┼─────────────────┼───────────┼─────────────────┤
│ dense_2 (Dense)   │ (None, 128)     │    12,416 │ concatenate[0]… │
├───────────────────┼─────────────────┼───────────┼─────────────────┤
│ dense_3 (Dense)   │ (None, 64)      │     8,256 │ dropout[1][0]   │
├───────────────────┼─────────────────┼───────────┼─────────────────┤
│ dense_4 (Dense)   │ (None, 207)     │    13,455 │ dense_3[0][0]   │
└───────────────────┴─────────────────┴───────────┴─────────────────┘
 Total params: 182,383 (712.43 KB)
 Trainable params: 182,191 (711.68 KB)
 Non-trainable params: 192 (768.00 B)

2025-09-16 19:56:14,657 - INFO - 初始化模糊推理系统...
2025-09-16 19:56:14,657 - INFO - 初始化模糊推理系统...
2025-09-16 19:56:14,658 - INFO - 模型目录已创建: D:\大三夏季学期\交通车辆速度预测应用系统\models
2025-09-16 19:56:14,658 - INFO - 日志目录已创建: D:\大三夏季学期\交通车辆速度预测应用系统\logs
2025-09-16 19:56:14,658 - INFO - TensorBoard日志目录: D:\大三夏季学期\交通车辆速度预测应用系统\logs\gcn_gru_fuzzy_Los-loop_limited
2025-09-16 19:56:14,661 - INFO - 开始训练模型: gcn_gru_fuzzy，数据集: Los-loop_limited，总轮次: 10
2025-09-16 19:56:14,662 - INFO - 开始模型训练，共10轮
2025-09-16 19:58:10,373 - INFO - 开始训练模型: gcn_gru_fuzzy, 数据集: Los-loop_limited
2025-09-16 19:58:10,374 - INFO - 加载数据集: Los-loop_limited
2025-09-16 19:58:10,384 - INFO - 已加载预训练的标准化器
2025-09-16 19:58:10,385 - INFO - 数据集加载完成: X形状=(984, 12, 207), y形状=(984, 207), 外部特征形状=(984, 207, 10), 邻接矩阵形状=(207, 207)
2025-09-16 19:58:10,385 - INFO - 划分数据集...
2025-09-16 19:58:10,399 - INFO - 训练集大小: 590
2025-09-16 19:58:10,399 - INFO - 验证集大小: 197
2025-09-16 19:58:10,399 - INFO - 测试集大小: 197
2025-09-16 19:58:10,444 - INFO - 创建模型，节点数: 207, 隐藏层大小: 64
2025-09-16 19:58:10,444 - INFO - 创建模型: 节点数=207, 时间步=12, 隐藏层大小=64
2025-09-16 19:58:10,445 - INFO - 初始化模糊推理系统...
2025-09-16 19:58:11,484 - WARNING - From C:\Downloads\Anaconda\Lib\site-packages\keras\src\backend\tensorflow\core.py:232: The name tf.placeholder is deprecated. Please use tf.compat.v1.placeholder instead.

2025-09-16 19:58:11,551 - INFO - 模型结构摘要:
2025-09-16 19:58:11,565 - INFO - Model: "functional"
┏━━━━━━━━━━━━━━━━━━━┳━━━━━━━━━━━━━━━━━┳━━━━━━━━━━━┳━━━━━━━━━━━━━━━━━┓
┃ Layer (type)      ┃ Output Shape    ┃   Param # ┃ Connected to    ┃
┡━━━━━━━━━━━━━━━━━━━╇━━━━━━━━━━━━━━━━━╇━━━━━━━━━━━╇━━━━━━━━━━━━━━━━━┩
│ input_layer       │ (None, 12, 207) │         0 │ -               │
│ (InputLayer)      │                 │           │                 │
├───────────────────┼─────────────────┼───────────┼─────────────────┤
│ reshape (Reshape) │ (None, 12, 207, │         0 │ input_layer[0]… │
│                   │ 1)              │           │                 │
├───────────────────┼─────────────────┼───────────┼─────────────────┤
│ permute (Permute) │ (None, 207, 12, │         0 │ reshape[0][0]   │
│                   │ 1)              │           │                 │
├───────────────────┼─────────────────┼───────────┼─────────────────┤
│ reshape_1         │ (None, 207, 12) │         0 │ permute[0][0]   │
│ (Reshape)         │                 │           │                 │
├───────────────────┼─────────────────┼───────────┼─────────────────┤
│ input_layer_1     │ (None, 207,     │         0 │ -               │
│ (InputLayer)      │ 207)            │           │                 │
├───────────────────┼─────────────────┼───────────┼─────────────────┤
│ gcn_layer         │ (None, 207, 32) │       416 │ reshape_1[0][0… │
│ (GCNLayer)        │                 │           │ input_layer_1[… │
├───────────────────┼─────────────────┼───────────┼─────────────────┤
│ batch_normalizat… │ (None, 207, 32) │       128 │ gcn_layer[0][0] │
│ (BatchNormalizat… │                 │           │                 │
├───────────────────┼─────────────────┼───────────┼─────────────────┤
│ input_layer_2     │ (None, 207, 10) │         0 │ -               │
│ (InputLayer)      │                 │           │                 │
├───────────────────┼─────────────────┼───────────┼─────────────────┤
│ gcn_layer_1       │ (None, 207, 32) │     1,056 │ batch_normaliz… │
│ (GCNLayer)        │                 │           │ input_layer_1[… │
├───────────────────┼─────────────────┼───────────┼─────────────────┤
│ global_average_p… │ (None, 10)      │         0 │ input_layer_2[… │
│ (GlobalAveragePo… │                 │           │                 │
├───────────────────┼─────────────────┼───────────┼─────────────────┤
│ batch_normalizat… │ (None, 207, 32) │       128 │ gcn_layer_1[0]… │
│ (BatchNormalizat… │                 │           │                 │
├───────────────────┼─────────────────┼───────────┼─────────────────┤
│ dense (Dense)     │ (None, 64)      │       704 │ global_average… │
├───────────────────┼─────────────────┼───────────┼─────────────────┤
│ dropout (Dropout) │ (None, 128)     │         0 │ dense[0][0],    │
│                   │                 │           │ dense_2[0][0]   │
├───────────────────┼─────────────────┼───────────┼─────────────────┤
│ reshape_2         │ (None, 12, 552) │         0 │ batch_normaliz… │
│ (Reshape)         │                 │           │                 │
├───────────────────┼─────────────────┼───────────┼─────────────────┤
│ gru (GRU)         │ (None, 12, 64)  │   118,656 │ reshape_2[0][0] │
├───────────────────┼─────────────────┼───────────┼─────────────────┤
│ dense_1 (Dense)   │ (None, 32)      │     2,080 │ dropout[0][0]   │
├───────────────────┼─────────────────┼───────────┼─────────────────┤
│ gru_1 (GRU)       │ (None, 64)      │    24,960 │ gru[0][0]       │
├───────────────────┼─────────────────┼───────────┼─────────────────┤
│ batch_normalizat… │ (None, 32)      │       128 │ dense_1[0][0]   │
│ (BatchNormalizat… │                 │           │                 │
├───────────────────┼─────────────────┼───────────┼─────────────────┤
│ concatenate       │ (None, 96)      │         0 │ gru_1[0][0],    │
│ (Concatenate)     │                 │           │ batch_normaliz… │
├───────────────────┼─────────────────┼───────────┼─────────────────┤
│ dense_2 (Dense)   │ (None, 128)     │    12,416 │ concatenate[0]… │
├───────────────────┼─────────────────┼───────────┼─────────────────┤
│ dense_3 (Dense)   │ (None, 64)      │     8,256 │ dropout[1][0]   │
├───────────────────┼─────────────────┼───────────┼─────────────────┤
│ dense_4 (Dense)   │ (None, 207)     │    13,455 │ dense_3[0][0]   │
└───────────────────┴─────────────────┴───────────┴─────────────────┘
 Total params: 182,383 (712.43 KB)
 Trainable params: 182,191 (711.68 KB)
 Non-trainable params: 192 (768.00 B)

2025-09-16 19:58:11,568 - INFO - 初始化模糊推理系统...
2025-09-16 19:58:11,568 - INFO - 初始化模糊推理系统...
2025-09-16 19:58:11,569 - INFO - 模型目录已创建: D:\大三夏季学期\交通车辆速度预测应用系统\models
2025-09-16 19:58:11,569 - INFO - 日志根目录已确保存在: D:\大三夏季学期\交通车辆速度预测应用系统\logs
2025-09-16 19:58:11,570 - INFO - TensorBoard日志目录: D:\大三夏季学期\交通车辆速度预测应用系统\logs\gcn_gru_fuzzy_Los-loop_limited
2025-09-16 19:58:11,570 - INFO - 开始训练模型: gcn_gru_fuzzy，数据集: Los-loop_limited，总轮次: 10
2025-09-16 19:58:11,571 - INFO - 开始模型训练，共10轮
2025-09-16 19:59:33,280 - INFO - 开始训练模型: gcn_gru_fuzzy, 数据集: Los-loop_limited
2025-09-16 19:59:33,281 - INFO - 加载数据集: Los-loop_limited
2025-09-16 19:59:33,291 - INFO - 已加载预训练的标准化器
2025-09-16 19:59:33,291 - INFO - 数据集加载完成: X形状=(984, 12, 207), y形状=(984, 207), 外部特征形状=(984, 207, 10), 邻接矩阵形状=(207, 207)
2025-09-16 19:59:33,291 - INFO - 划分数据集...
2025-09-16 19:59:33,306 - INFO - 训练集大小: 590
2025-09-16 19:59:33,307 - INFO - 验证集大小: 197
2025-09-16 19:59:33,307 - INFO - 测试集大小: 197
2025-09-16 19:59:33,347 - INFO - 创建模型，节点数: 207, 隐藏层大小: 64
2025-09-16 19:59:33,348 - INFO - 创建模型: 节点数=207, 时间步=12, 隐藏层大小=64
2025-09-16 19:59:33,349 - INFO - 初始化模糊推理系统...
2025-09-16 19:59:34,397 - WARNING - From C:\Downloads\Anaconda\Lib\site-packages\keras\src\backend\tensorflow\core.py:232: The name tf.placeholder is deprecated. Please use tf.compat.v1.placeholder instead.

2025-09-16 19:59:34,469 - INFO - 模型结构摘要:
2025-09-16 19:59:34,483 - INFO - Model: "functional"
┏━━━━━━━━━━━━━━━━━━━┳━━━━━━━━━━━━━━━━━┳━━━━━━━━━━━┳━━━━━━━━━━━━━━━━━┓
┃ Layer (type)      ┃ Output Shape    ┃   Param # ┃ Connected to    ┃
┡━━━━━━━━━━━━━━━━━━━╇━━━━━━━━━━━━━━━━━╇━━━━━━━━━━━╇━━━━━━━━━━━━━━━━━┩
│ input_layer       │ (None, 12, 207) │         0 │ -               │
│ (InputLayer)      │                 │           │                 │
├───────────────────┼─────────────────┼───────────┼─────────────────┤
│ reshape (Reshape) │ (None, 12, 207, │         0 │ input_layer[0]… │
│                   │ 1)              │           │                 │
├───────────────────┼─────────────────┼───────────┼─────────────────┤
│ permute (Permute) │ (None, 207, 12, │         0 │ reshape[0][0]   │
│                   │ 1)              │           │                 │
├───────────────────┼─────────────────┼───────────┼─────────────────┤
│ reshape_1         │ (None, 207, 12) │         0 │ permute[0][0]   │
│ (Reshape)         │                 │           │                 │
├───────────────────┼─────────────────┼───────────┼─────────────────┤
│ input_layer_1     │ (None, 207,     │         0 │ -               │
│ (InputLayer)      │ 207)            │           │                 │
├───────────────────┼─────────────────┼───────────┼─────────────────┤
│ gcn_layer         │ (None, 207, 32) │       416 │ reshape_1[0][0… │
│ (GCNLayer)        │                 │           │ input_layer_1[… │
├───────────────────┼─────────────────┼───────────┼─────────────────┤
│ batch_normalizat… │ (None, 207, 32) │       128 │ gcn_layer[0][0] │
│ (BatchNormalizat… │                 │           │                 │
├───────────────────┼─────────────────┼───────────┼─────────────────┤
│ input_layer_2     │ (None, 207, 10) │         0 │ -               │
│ (InputLayer)      │                 │           │                 │
├───────────────────┼─────────────────┼───────────┼─────────────────┤
│ gcn_layer_1       │ (None, 207, 32) │     1,056 │ batch_normaliz… │
│ (GCNLayer)        │                 │           │ input_layer_1[… │
├───────────────────┼─────────────────┼───────────┼─────────────────┤
│ global_average_p… │ (None, 10)      │         0 │ input_layer_2[… │
│ (GlobalAveragePo… │                 │           │                 │
├───────────────────┼─────────────────┼───────────┼─────────────────┤
│ batch_normalizat… │ (None, 207, 32) │       128 │ gcn_layer_1[0]… │
│ (BatchNormalizat… │                 │           │                 │
├───────────────────┼─────────────────┼───────────┼─────────────────┤
│ dense (Dense)     │ (None, 64)      │       704 │ global_average… │
├───────────────────┼─────────────────┼───────────┼─────────────────┤
│ dropout (Dropout) │ (None, 128)     │         0 │ dense[0][0],    │
│                   │                 │           │ dense_2[0][0]   │
├───────────────────┼─────────────────┼───────────┼─────────────────┤
│ reshape_2         │ (None, 12, 552) │         0 │ batch_normaliz… │
│ (Reshape)         │                 │           │                 │
├───────────────────┼─────────────────┼───────────┼─────────────────┤
│ gru (GRU)         │ (None, 12, 64)  │   118,656 │ reshape_2[0][0] │
├───────────────────┼─────────────────┼───────────┼─────────────────┤
│ dense_1 (Dense)   │ (None, 32)      │     2,080 │ dropout[0][0]   │
├───────────────────┼─────────────────┼───────────┼─────────────────┤
│ gru_1 (GRU)       │ (None, 64)      │    24,960 │ gru[0][0]       │
├───────────────────┼─────────────────┼───────────┼─────────────────┤
│ batch_normalizat… │ (None, 32)      │       128 │ dense_1[0][0]   │
│ (BatchNormalizat… │                 │           │                 │
├───────────────────┼─────────────────┼───────────┼─────────────────┤
│ concatenate       │ (None, 96)      │         0 │ gru_1[0][0],    │
│ (Concatenate)     │                 │           │ batch_normaliz… │
├───────────────────┼─────────────────┼───────────┼─────────────────┤
│ dense_2 (Dense)   │ (None, 128)     │    12,416 │ concatenate[0]… │
├───────────────────┼─────────────────┼───────────┼─────────────────┤
│ dense_3 (Dense)   │ (None, 64)      │     8,256 │ dropout[1][0]   │
├───────────────────┼─────────────────┼───────────┼─────────────────┤
│ dense_4 (Dense)   │ (None, 207)     │    13,455 │ dense_3[0][0]   │
└───────────────────┴─────────────────┴───────────┴─────────────────┘
 Total params: 182,383 (712.43 KB)
 Trainable params: 182,191 (711.68 KB)
 Non-trainable params: 192 (768.00 B)

2025-09-16 19:59:34,487 - INFO - 初始化模糊推理系统...
2025-09-16 19:59:34,487 - INFO - 初始化模糊推理系统...
2025-09-16 19:59:34,488 - INFO - 模型目录已创建: D:\大三夏季学期\交通车辆速度预测应用系统\models
2025-09-16 19:59:34,488 - INFO - 临时禁用TensorBoard回调，使用TrainingVisualizer代替
2025-09-16 19:59:34,489 - INFO - 开始训练模型: gcn_gru_fuzzy，数据集: Los-loop_limited，总轮次: 10
2025-09-16 19:59:34,489 - INFO - 开始模型训练，共10轮
2025-09-16 20:03:21,078 - INFO - 开始训练模型: gcn_gru_fuzzy, 数据集: Los-loop_limited
2025-09-16 20:03:21,078 - INFO - 加载数据集: Los-loop_limited
2025-09-16 20:03:21,088 - INFO - 已加载预训练的标准化器
2025-09-16 20:03:21,088 - INFO - 数据集加载完成: X形状=(984, 12, 207), y形状=(984, 207), 外部特征形状=(984, 207, 10), 邻接矩阵形状=(207, 207)
2025-09-16 20:03:21,088 - INFO - 划分数据集...
2025-09-16 20:03:21,103 - INFO - 训练集大小: 590
2025-09-16 20:03:21,104 - INFO - 验证集大小: 197
2025-09-16 20:03:21,104 - INFO - 测试集大小: 197
2025-09-16 20:03:21,152 - INFO - 创建模型，节点数: 207, 隐藏层大小: 64
2025-09-16 20:03:21,152 - INFO - 创建模型: 节点数=207, 时间步=12, 隐藏层大小=64
2025-09-16 20:03:21,153 - INFO - 初始化模糊推理系统...
2025-09-16 20:03:22,186 - WARNING - From C:\Downloads\Anaconda\Lib\site-packages\keras\src\backend\tensorflow\core.py:232: The name tf.placeholder is deprecated. Please use tf.compat.v1.placeholder instead.

2025-09-16 20:03:22,253 - INFO - 模型结构摘要:
2025-09-16 20:03:22,266 - INFO - Model: "functional"
┏━━━━━━━━━━━━━━━━━━━┳━━━━━━━━━━━━━━━━━┳━━━━━━━━━━━┳━━━━━━━━━━━━━━━━━┓
┃ Layer (type)      ┃ Output Shape    ┃   Param # ┃ Connected to    ┃
┡━━━━━━━━━━━━━━━━━━━╇━━━━━━━━━━━━━━━━━╇━━━━━━━━━━━╇━━━━━━━━━━━━━━━━━┩
│ input_layer       │ (None, 12, 207) │         0 │ -               │
│ (InputLayer)      │                 │           │                 │
├───────────────────┼─────────────────┼───────────┼─────────────────┤
│ reshape (Reshape) │ (None, 12, 207, │         0 │ input_layer[0]… │
│                   │ 1)              │           │                 │
├───────────────────┼─────────────────┼───────────┼─────────────────┤
│ permute (Permute) │ (None, 207, 12, │         0 │ reshape[0][0]   │
│                   │ 1)              │           │                 │
├───────────────────┼─────────────────┼───────────┼─────────────────┤
│ reshape_1         │ (None, 207, 12) │         0 │ permute[0][0]   │
│ (Reshape)         │                 │           │                 │
├───────────────────┼─────────────────┼───────────┼─────────────────┤
│ input_layer_1     │ (None, 207,     │         0 │ -               │
│ (InputLayer)      │ 207)            │           │                 │
├───────────────────┼─────────────────┼───────────┼─────────────────┤
│ gcn_layer         │ (None, 207, 32) │       416 │ reshape_1[0][0… │
│ (GCNLayer)        │                 │           │ input_layer_1[… │
├───────────────────┼─────────────────┼───────────┼─────────────────┤
│ batch_normalizat… │ (None, 207, 32) │       128 │ gcn_layer[0][0] │
│ (BatchNormalizat… │                 │           │                 │
├───────────────────┼─────────────────┼───────────┼─────────────────┤
│ input_layer_2     │ (None, 207, 10) │         0 │ -               │
│ (InputLayer)      │                 │           │                 │
├───────────────────┼─────────────────┼───────────┼─────────────────┤
│ gcn_layer_1       │ (None, 207, 32) │     1,056 │ batch_normaliz… │
│ (GCNLayer)        │                 │           │ input_layer_1[… │
├───────────────────┼─────────────────┼───────────┼─────────────────┤
│ global_average_p… │ (None, 10)      │         0 │ input_layer_2[… │
│ (GlobalAveragePo… │                 │           │                 │
├───────────────────┼─────────────────┼───────────┼─────────────────┤
│ batch_normalizat… │ (None, 207, 32) │       128 │ gcn_layer_1[0]… │
│ (BatchNormalizat… │                 │           │                 │
├───────────────────┼─────────────────┼───────────┼─────────────────┤
│ dense (Dense)     │ (None, 64)      │       704 │ global_average… │
├───────────────────┼─────────────────┼───────────┼─────────────────┤
│ dropout (Dropout) │ (None, 128)     │         0 │ dense[0][0],    │
│                   │                 │           │ dense_2[0][0]   │
├───────────────────┼─────────────────┼───────────┼─────────────────┤
│ reshape_2         │ (None, 12, 552) │         0 │ batch_normaliz… │
│ (Reshape)         │                 │           │                 │
├───────────────────┼─────────────────┼───────────┼─────────────────┤
│ gru (GRU)         │ (None, 12, 64)  │   118,656 │ reshape_2[0][0] │
├───────────────────┼─────────────────┼───────────┼─────────────────┤
│ dense_1 (Dense)   │ (None, 32)      │     2,080 │ dropout[0][0]   │
├───────────────────┼─────────────────┼───────────┼─────────────────┤
│ gru_1 (GRU)       │ (None, 64)      │    24,960 │ gru[0][0]       │
├───────────────────┼─────────────────┼───────────┼─────────────────┤
│ batch_normalizat… │ (None, 32)      │       128 │ dense_1[0][0]   │
│ (BatchNormalizat… │                 │           │                 │
├───────────────────┼─────────────────┼───────────┼─────────────────┤
│ concatenate       │ (None, 96)      │         0 │ gru_1[0][0],    │
│ (Concatenate)     │                 │           │ batch_normaliz… │
├───────────────────┼─────────────────┼───────────┼─────────────────┤
│ dense_2 (Dense)   │ (None, 128)     │    12,416 │ concatenate[0]… │
├───────────────────┼─────────────────┼───────────┼─────────────────┤
│ dense_3 (Dense)   │ (None, 64)      │     8,256 │ dropout[1][0]   │
├───────────────────┼─────────────────┼───────────┼─────────────────┤
│ dense_4 (Dense)   │ (None, 207)     │    13,455 │ dense_3[0][0]   │
└───────────────────┴─────────────────┴───────────┴─────────────────┘
 Total params: 182,383 (712.43 KB)
 Trainable params: 182,191 (711.68 KB)
 Non-trainable params: 192 (768.00 B)

2025-09-16 20:03:22,269 - INFO - 初始化模糊推理系统...
2025-09-16 20:03:22,269 - INFO - 初始化模糊推理系统...
2025-09-16 20:03:22,270 - INFO - 模型目录已创建: D:\大三夏季学期\交通车辆速度预测应用系统\models
2025-09-16 20:03:22,270 - INFO - 临时禁用TensorBoard回调，使用TrainingVisualizer代替
2025-09-16 20:03:22,271 - INFO - 开始训练模型: gcn_gru_fuzzy，数据集: Los-loop_limited，总轮次: 10
2025-09-16 20:03:22,271 - INFO - 开始模型训练，共10轮
2025-09-16 20:03:27,916 - INFO - 轮次 1/10: 损失=1.2099, 验证损失=1.1657
2025-09-16 20:03:27,918 - INFO - Epoch 1 完成: 训练损失=1.2099, 验证损失=1.1657
2025-09-16 20:03:28,280 - INFO - 轮次 2/10: 损失=0.6727, 验证损失=0.9041
2025-09-16 20:03:28,282 - INFO - Epoch 2 完成: 训练损失=0.6727, 验证损失=0.9041
2025-09-16 20:03:28,627 - INFO - 轮次 3/10: 损失=0.4882, 验证损失=0.6941
2025-09-16 20:03:28,629 - INFO - Epoch 3 完成: 训练损失=0.4882, 验证损失=0.6941
2025-09-16 20:03:28,981 - INFO - 轮次 4/10: 损失=0.3868, 验证损失=0.5353
2025-09-16 20:03:28,983 - INFO - Epoch 4 完成: 训练损失=0.3868, 验证损失=0.5353
2025-09-16 20:03:29,327 - INFO - 轮次 5/10: 损失=0.3167, 验证损失=0.4773
2025-09-16 20:03:29,329 - INFO - Epoch 5 完成: 训练损失=0.3167, 验证损失=0.4773
2025-09-16 20:03:29,679 - INFO - 轮次 6/10: 损失=0.2657, 验证损失=0.3387
2025-09-16 20:03:29,681 - INFO - Epoch 6 完成: 训练损失=0.2657, 验证损失=0.3387
2025-09-16 20:03:30,023 - INFO - 轮次 7/10: 损失=0.2277, 验证损失=0.2961
2025-09-16 20:03:30,025 - INFO - Epoch 7 完成: 训练损失=0.2277, 验证损失=0.2961
2025-09-16 20:03:30,373 - INFO - 轮次 8/10: 损失=0.1977, 验证损失=0.2420
2025-09-16 20:03:30,375 - INFO - Epoch 8 完成: 训练损失=0.1977, 验证损失=0.2420
2025-09-16 20:03:30,722 - INFO - 轮次 9/10: 损失=0.1740, 验证损失=0.2068
2025-09-16 20:03:30,724 - INFO - Epoch 9 完成: 训练损失=0.1740, 验证损失=0.2068
2025-09-16 20:03:31,071 - INFO - 轮次 10/10: 损失=0.1546, 验证损失=0.1841
2025-09-16 20:03:31,073 - INFO - Epoch 10 完成: 训练损失=0.1546, 验证损失=0.1841
2025-09-16 20:03:31,098 - INFO - 训练完成！总耗时: 0小时 0分钟 8秒
2025-09-16 20:03:31,099 - INFO - 训练历史已保存到: D:\大三夏季学期\交通车辆速度预测应用系统\logs\training_history_gcn_gru_fuzzy_Los-loop_limited_20250916_200331.json
2025-09-16 20:03:31,100 - INFO - 保存训练好的模型...
2025-09-16 20:03:31,151 - INFO - 模型已保存至: D:\大三夏季学期\交通车辆速度预测应用系统\models\gcn_gru_fuzzy_Los-loop_limited.keras
2025-09-16 20:03:31,153 - INFO - 模型信息已保存至: D:\大三夏季学期\交通车辆速度预测应用系统\models\gcn_gru_fuzzy_Los-loop_limited_info.pkl
2025-09-16 20:03:31,153 - INFO - 模糊推理系统已保存至: D:\大三夏季学期\交通车辆速度预测应用系统\models\fuzzy_system_Los-loop_limited.pkl
2025-09-16 20:03:31,153 - INFO - 模糊推理系统已保存至: D:\大三夏季学期\交通车辆速度预测应用系统\models\fuzzy_system_Los-loop_limited.pkl
2025-09-16 20:03:31,154 - INFO - 在测试集上评估模型性能...
2025-09-16 20:03:31,268 - INFO - 测试集性能:
2025-09-16 20:03:31,269 - INFO - Loss: 0.1850
2025-09-16 20:03:31,269 - INFO - RMSE (标准化): 0.2829
2025-09-16 20:03:31,269 - INFO - RMSE (原始值，km/h): 33.9495
2025-09-16 20:03:31,269 - INFO - MAE (标准化): 0.2643
2025-09-16 20:03:31,269 - INFO - MAE (原始值，km/h): 31.7154
2025-09-16 20:03:32,142 - INFO - 准确率 (±10.0%误差范围): 3.28%
2025-09-16 20:03:32,143 - INFO - 测试结果已保存至: D:\大三夏季学期\交通车辆速度预测应用系统\results\test_results_20250916_200332.pkl
2025-09-16 20:03:32,146 - INFO - 测试结果: {'loss': 0.18500520288944244, 'rmse': 0.2829124331474304, 'mae': 0.26429519057273865, 'original_rmse': 33.94949197769165, 'original_mae': 31.715422868728638, 'accuracy': 0.03278648323892199}
2025-09-16 20:03:33,133 - INFO - 训练进度图表已保存到: D:\大三夏季学期\交通车辆速度预测应用系统\logs\training_progress_gcn_gru_fuzzy_Los-loop_limited_20250916_200332.png
2025-09-16 20:08:30,537 - INFO - 预测对比图表已保存到: D:\大三夏季学期\交通车辆速度预测应用系统\logs\prediction_comparison_gcn_gru_fuzzy_Los-loop_limited_20250916_200829.png
2025-09-16 20:08:36,587 - INFO - 误差分布图已保存到: D:\大三夏季学期\交通车辆速度预测应用系统\logs\error_distribution_gcn_gru_fuzzy_Los-loop_limited_20250916_200836.png
2025-09-16 20:29:40,808 - INFO - 开始训练模型: gcn_gru_fuzzy, 数据集: Los-loop
2025-09-16 20:29:40,809 - INFO - 加载数据集: Los-loop
2025-09-16 20:29:41,230 - INFO - 已加载预训练的标准化器
2025-09-16 20:29:41,230 - INFO - 数据集加载完成: X形状=(32111, 12, 207), y形状=(32111, 207), 外部特征形状=(32111, 207, 10), 邻接矩阵形状=(207, 207)
2025-09-16 20:29:41,230 - INFO - 划分数据集...
2025-09-16 20:29:41,920 - INFO - 训练集大小: 19266
2025-09-16 20:29:41,920 - INFO - 验证集大小: 6422
2025-09-16 20:29:41,921 - INFO - 测试集大小: 6423
2025-09-16 20:29:47,836 - INFO - 创建模型，节点数: 207, 隐藏层大小: 64
2025-09-16 20:29:47,851 - INFO - 创建模型: 节点数=207, 时间步=12, 隐藏层大小=64
2025-09-16 20:29:48,042 - INFO - 初始化模糊推理系统...
2025-09-16 20:29:50,910 - WARNING - From C:\Downloads\Anaconda\Lib\site-packages\keras\src\backend\tensorflow\core.py:232: The name tf.placeholder is deprecated. Please use tf.compat.v1.placeholder instead.

2025-09-16 20:29:51,015 - INFO - 模型结构摘要:
2025-09-16 20:29:51,039 - INFO - Model: "functional"
┏━━━━━━━━━━━━━━━━━━━┳━━━━━━━━━━━━━━━━━┳━━━━━━━━━━━┳━━━━━━━━━━━━━━━━━┓
┃ Layer (type)      ┃ Output Shape    ┃   Param # ┃ Connected to    ┃
┡━━━━━━━━━━━━━━━━━━━╇━━━━━━━━━━━━━━━━━╇━━━━━━━━━━━╇━━━━━━━━━━━━━━━━━┩
│ input_layer       │ (None, 12, 207) │         0 │ -               │
│ (InputLayer)      │                 │           │                 │
├───────────────────┼─────────────────┼───────────┼─────────────────┤
│ reshape (Reshape) │ (None, 12, 207, │         0 │ input_layer[0]… │
│                   │ 1)              │           │                 │
├───────────────────┼─────────────────┼───────────┼─────────────────┤
│ permute (Permute) │ (None, 207, 12, │         0 │ reshape[0][0]   │
│                   │ 1)              │           │                 │
├───────────────────┼─────────────────┼───────────┼─────────────────┤
│ reshape_1         │ (None, 207, 12) │         0 │ permute[0][0]   │
│ (Reshape)         │                 │           │                 │
├───────────────────┼─────────────────┼───────────┼─────────────────┤
│ input_layer_1     │ (None, 207,     │         0 │ -               │
│ (InputLayer)      │ 207)            │           │                 │
├───────────────────┼─────────────────┼───────────┼─────────────────┤
│ gcn_layer         │ (None, 207, 32) │       416 │ reshape_1[0][0… │
│ (GCNLayer)        │                 │           │ input_layer_1[… │
├───────────────────┼─────────────────┼───────────┼─────────────────┤
│ batch_normalizat… │ (None, 207, 32) │       128 │ gcn_layer[0][0] │
│ (BatchNormalizat… │                 │           │                 │
├───────────────────┼─────────────────┼───────────┼─────────────────┤
│ input_layer_2     │ (None, 207, 10) │         0 │ -               │
│ (InputLayer)      │                 │           │                 │
├───────────────────┼─────────────────┼───────────┼─────────────────┤
│ gcn_layer_1       │ (None, 207, 32) │     1,056 │ batch_normaliz… │
│ (GCNLayer)        │                 │           │ input_layer_1[… │
├───────────────────┼─────────────────┼───────────┼─────────────────┤
│ global_average_p… │ (None, 10)      │         0 │ input_layer_2[… │
│ (GlobalAveragePo… │                 │           │                 │
├───────────────────┼─────────────────┼───────────┼─────────────────┤
│ batch_normalizat… │ (None, 207, 32) │       128 │ gcn_layer_1[0]… │
│ (BatchNormalizat… │                 │           │                 │
├───────────────────┼─────────────────┼───────────┼─────────────────┤
│ dense (Dense)     │ (None, 64)      │       704 │ global_average… │
├───────────────────┼─────────────────┼───────────┼─────────────────┤
│ dropout (Dropout) │ (None, 128)     │         0 │ dense[0][0],    │
│                   │                 │           │ dense_2[0][0]   │
├───────────────────┼─────────────────┼───────────┼─────────────────┤
│ reshape_2         │ (None, 12, 552) │         0 │ batch_normaliz… │
│ (Reshape)         │                 │           │                 │
├───────────────────┼─────────────────┼───────────┼─────────────────┤
│ gru (GRU)         │ (None, 12, 64)  │   118,656 │ reshape_2[0][0] │
├───────────────────┼─────────────────┼───────────┼─────────────────┤
│ dense_1 (Dense)   │ (None, 32)      │     2,080 │ dropout[0][0]   │
├───────────────────┼─────────────────┼───────────┼─────────────────┤
│ gru_1 (GRU)       │ (None, 64)      │    24,960 │ gru[0][0]       │
├───────────────────┼─────────────────┼───────────┼─────────────────┤
│ batch_normalizat… │ (None, 32)      │       128 │ dense_1[0][0]   │
│ (BatchNormalizat… │                 │           │                 │
├───────────────────┼─────────────────┼───────────┼─────────────────┤
│ concatenate       │ (None, 96)      │         0 │ gru_1[0][0],    │
│ (Concatenate)     │                 │           │ batch_normaliz… │
├───────────────────┼─────────────────┼───────────┼─────────────────┤
│ dense_2 (Dense)   │ (None, 128)     │    12,416 │ concatenate[0]… │
├───────────────────┼─────────────────┼───────────┼─────────────────┤
│ dense_3 (Dense)   │ (None, 64)      │     8,256 │ dropout[1][0]   │
├───────────────────┼─────────────────┼───────────┼─────────────────┤
│ dense_4 (Dense)   │ (None, 207)     │    13,455 │ dense_3[0][0]   │
└───────────────────┴─────────────────┴───────────┴─────────────────┘
 Total params: 182,383 (712.43 KB)
 Trainable params: 182,191 (711.68 KB)
 Non-trainable params: 192 (768.00 B)

2025-09-16 20:29:51,043 - INFO - 初始化模糊推理系统...
2025-09-16 20:29:51,043 - INFO - 初始化模糊推理系统...
2025-09-16 20:29:51,044 - INFO - 模型目录已创建: D:\大三夏季学期\交通车辆速度预测应用系统\models
2025-09-16 20:29:51,044 - INFO - 临时禁用TensorBoard回调，使用TrainingVisualizer代替
2025-09-16 20:29:51,048 - INFO - 开始训练模型: gcn_gru_fuzzy，数据集: Los-loop，总轮次: 50
2025-09-16 20:29:51,048 - INFO - 开始模型训练，共50轮
2025-09-16 20:30:24,730 - INFO - 轮次 1/50: 损失=0.1834, 验证损失=0.0553
2025-09-16 20:30:24,733 - INFO - Epoch 1 完成: 训练损失=0.1834, 验证损失=0.0553
2025-09-16 20:30:32,526 - INFO - 轮次 2/50: 损失=0.0345, 验证损失=0.0393
2025-09-16 20:30:32,527 - INFO - Epoch 2 完成: 训练损失=0.0345, 验证损失=0.0393
2025-09-16 20:30:40,175 - INFO - 轮次 3/50: 损失=0.0291, 验证损失=0.0316
2025-09-16 20:30:40,177 - INFO - Epoch 3 完成: 训练损失=0.0291, 验证损失=0.0316
2025-09-16 20:30:47,934 - INFO - 轮次 4/50: 损失=0.0287, 验证损失=0.0279
2025-09-16 20:30:47,935 - INFO - Epoch 4 完成: 训练损失=0.0287, 验证损失=0.0279
2025-09-16 20:30:55,962 - INFO - 轮次 5/50: 损失=0.0284, 验证损失=0.0328
2025-09-16 20:30:55,963 - INFO - Epoch 5 完成: 训练损失=0.0284, 验证损失=0.0328
2025-09-16 20:31:03,696 - INFO - 轮次 6/50: 损失=0.0283, 验证损失=0.0287
2025-09-16 20:31:03,698 - INFO - Epoch 6 完成: 训练损失=0.0283, 验证损失=0.0287
2025-09-16 20:31:11,417 - INFO - 轮次 7/50: 损失=0.0280, 验证损失=0.0272
2025-09-16 20:31:11,419 - INFO - Epoch 7 完成: 训练损失=0.0280, 验证损失=0.0272
2025-09-16 20:31:18,913 - INFO - 轮次 8/50: 损失=0.0277, 验证损失=0.0275
2025-09-16 20:31:18,914 - INFO - Epoch 8 完成: 训练损失=0.0277, 验证损失=0.0275
2025-09-16 20:31:26,438 - INFO - 轮次 9/50: 损失=0.0276, 验证损失=0.0288
2025-09-16 20:31:26,440 - INFO - Epoch 9 完成: 训练损失=0.0276, 验证损失=0.0288
2025-09-16 20:31:33,923 - INFO - 轮次 10/50: 损失=0.0275, 验证损失=0.0290
2025-09-16 20:31:33,924 - INFO - Epoch 10 完成: 训练损失=0.0275, 验证损失=0.0290
2025-09-16 20:31:41,587 - INFO - 轮次 11/50: 损失=0.0274, 验证损失=0.0271
2025-09-16 20:31:41,589 - INFO - Epoch 11 完成: 训练损失=0.0274, 验证损失=0.0271
2025-09-16 20:31:49,424 - INFO - 轮次 12/50: 损失=0.0274, 验证损失=0.0284
2025-09-16 20:31:49,425 - INFO - Epoch 12 完成: 训练损失=0.0274, 验证损失=0.0284
2025-09-16 20:31:57,288 - INFO - 轮次 13/50: 损失=0.0272, 验证损失=0.0271
2025-09-16 20:31:57,290 - INFO - Epoch 13 完成: 训练损失=0.0272, 验证损失=0.0271
2025-09-16 20:32:04,821 - INFO - 轮次 14/50: 损失=0.0271, 验证损失=0.0271
2025-09-16 20:32:04,823 - INFO - Epoch 14 完成: 训练损失=0.0271, 验证损失=0.0271
2025-09-16 20:32:12,423 - INFO - 轮次 15/50: 损失=0.0270, 验证损失=0.0280
2025-09-16 20:32:12,425 - INFO - Epoch 15 完成: 训练损失=0.0270, 验证损失=0.0280
2025-09-16 20:32:19,923 - INFO - 轮次 16/50: 损失=0.0270, 验证损失=0.0267
2025-09-16 20:32:19,924 - INFO - Epoch 16 完成: 训练损失=0.0270, 验证损失=0.0267
2025-09-16 20:32:27,485 - INFO - 轮次 17/50: 损失=0.0269, 验证损失=0.0283
2025-09-16 20:32:27,486 - INFO - Epoch 17 完成: 训练损失=0.0269, 验证损失=0.0283
2025-09-16 20:32:34,981 - INFO - 轮次 18/50: 损失=0.0268, 验证损失=0.0281
2025-09-16 20:32:34,983 - INFO - Epoch 18 完成: 训练损失=0.0268, 验证损失=0.0281
2025-09-16 20:32:42,590 - INFO - 轮次 19/50: 损失=0.0270, 验证损失=0.0266
2025-09-16 20:32:42,591 - INFO - Epoch 19 完成: 训练损失=0.0270, 验证损失=0.0266
2025-09-16 20:32:50,129 - INFO - 轮次 20/50: 损失=0.0266, 验证损失=0.0265
2025-09-16 20:32:50,130 - INFO - Epoch 20 完成: 训练损失=0.0266, 验证损失=0.0265
2025-09-16 20:32:57,669 - INFO - 轮次 21/50: 损失=0.0266, 验证损失=0.0293
2025-09-16 20:32:57,670 - INFO - Epoch 21 完成: 训练损失=0.0266, 验证损失=0.0293
2025-09-16 20:33:05,499 - INFO - 轮次 22/50: 损失=0.0268, 验证损失=0.0264
2025-09-16 20:33:05,500 - INFO - Epoch 22 完成: 训练损失=0.0268, 验证损失=0.0264
2025-09-16 20:33:13,132 - INFO - 轮次 23/50: 损失=0.0266, 验证损失=0.0264
2025-09-16 20:33:13,133 - INFO - Epoch 23 完成: 训练损失=0.0266, 验证损失=0.0264
2025-09-16 20:33:20,669 - INFO - 轮次 24/50: 损失=0.0264, 验证损失=0.0268
2025-09-16 20:33:20,671 - INFO - Epoch 24 完成: 训练损失=0.0264, 验证损失=0.0268
2025-09-16 20:33:28,293 - INFO - 轮次 25/50: 损失=0.0265, 验证损失=0.0258
2025-09-16 20:33:28,295 - INFO - Epoch 25 完成: 训练损失=0.0265, 验证损失=0.0258
2025-09-16 20:33:35,745 - INFO - 轮次 26/50: 损失=0.0264, 验证损失=0.0277
2025-09-16 20:33:35,746 - INFO - Epoch 26 完成: 训练损失=0.0264, 验证损失=0.0277
2025-09-16 20:33:43,314 - INFO - 轮次 27/50: 损失=0.0263, 验证损失=0.0291
2025-09-16 20:33:43,316 - INFO - Epoch 27 完成: 训练损失=0.0263, 验证损失=0.0291
2025-09-16 20:33:50,868 - INFO - 轮次 28/50: 损失=0.0264, 验证损失=0.0257
2025-09-16 20:33:50,870 - INFO - Epoch 28 完成: 训练损失=0.0264, 验证损失=0.0257
2025-09-16 20:33:58,412 - INFO - 轮次 29/50: 损失=0.0263, 验证损失=0.0301
2025-09-16 20:33:58,413 - INFO - Epoch 29 完成: 训练损失=0.0263, 验证损失=0.0301
2025-09-16 20:34:05,947 - INFO - 轮次 30/50: 损失=0.0264, 验证损失=0.0261
2025-09-16 20:34:05,949 - INFO - Epoch 30 完成: 训练损失=0.0264, 验证损失=0.0261
2025-09-16 20:34:13,584 - INFO - 轮次 31/50: 损失=0.0263, 验证损失=0.0259
2025-09-16 20:34:13,586 - INFO - Epoch 31 完成: 训练损失=0.0263, 验证损失=0.0259
2025-09-16 20:34:21,091 - INFO - 轮次 32/50: 损失=0.0262, 验证损失=0.0259
2025-09-16 20:34:21,092 - INFO - Epoch 32 完成: 训练损失=0.0262, 验证损失=0.0259
2025-09-16 20:34:28,664 - INFO - 轮次 33/50: 损失=0.0261, 验证损失=0.0273
2025-09-16 20:34:28,666 - INFO - Epoch 33 完成: 训练损失=0.0261, 验证损失=0.0273
2025-09-16 20:34:36,207 - INFO - 轮次 34/50: 损失=0.0258, 验证损失=0.0254
2025-09-16 20:34:36,209 - INFO - Epoch 34 完成: 训练损失=0.0258, 验证损失=0.0254
2025-09-16 20:34:43,779 - INFO - 轮次 35/50: 损失=0.0258, 验证损失=0.0256
2025-09-16 20:34:43,780 - INFO - Epoch 35 完成: 训练损失=0.0258, 验证损失=0.0256
2025-09-16 20:34:51,452 - INFO - 轮次 36/50: 损失=0.0257, 验证损失=0.0254
2025-09-16 20:34:51,454 - INFO - Epoch 36 完成: 训练损失=0.0257, 验证损失=0.0254
2025-09-16 20:34:59,611 - INFO - 轮次 37/50: 损失=0.0257, 验证损失=0.0253
2025-09-16 20:34:59,613 - INFO - Epoch 37 完成: 训练损失=0.0257, 验证损失=0.0253
2025-09-16 20:35:07,743 - INFO - 轮次 38/50: 损失=0.0257, 验证损失=0.0256
2025-09-16 20:35:07,745 - INFO - Epoch 38 完成: 训练损失=0.0257, 验证损失=0.0256
2025-09-16 20:35:16,078 - INFO - 轮次 39/50: 损失=0.0257, 验证损失=0.0255
2025-09-16 20:35:16,080 - INFO - Epoch 39 完成: 训练损失=0.0257, 验证损失=0.0255
2025-09-16 20:35:24,711 - INFO - 轮次 40/50: 损失=0.0256, 验证损失=0.0257
2025-09-16 20:35:24,713 - INFO - Epoch 40 完成: 训练损失=0.0256, 验证损失=0.0257
2025-09-16 20:35:32,825 - INFO - 轮次 41/50: 损失=0.0257, 验证损失=0.0261
2025-09-16 20:35:32,826 - INFO - Epoch 41 完成: 训练损失=0.0257, 验证损失=0.0261
2025-09-16 20:35:40,874 - INFO - 轮次 42/50: 损失=0.0256, 验证损失=0.0260
2025-09-16 20:35:40,876 - INFO - Epoch 42 完成: 训练损失=0.0256, 验证损失=0.0260
2025-09-16 20:35:48,769 - INFO - 轮次 43/50: 损失=0.0255, 验证损失=0.0250
2025-09-16 20:35:48,771 - INFO - Epoch 43 完成: 训练损失=0.0255, 验证损失=0.0250
2025-09-16 20:35:57,050 - INFO - 轮次 44/50: 损失=0.0254, 验证损失=0.0249
2025-09-16 20:35:57,051 - INFO - Epoch 44 完成: 训练损失=0.0254, 验证损失=0.0249
2025-09-16 20:36:04,910 - INFO - 轮次 45/50: 损失=0.0254, 验证损失=0.0248
2025-09-16 20:36:04,912 - INFO - Epoch 45 完成: 训练损失=0.0254, 验证损失=0.0248
2025-09-16 20:36:12,404 - INFO - 轮次 46/50: 损失=0.0254, 验证损失=0.0249
2025-09-16 20:36:12,406 - INFO - Epoch 46 完成: 训练损失=0.0254, 验证损失=0.0249
2025-09-16 20:36:20,150 - INFO - 轮次 47/50: 损失=0.0254, 验证损失=0.0250
2025-09-16 20:36:20,152 - INFO - Epoch 47 完成: 训练损失=0.0254, 验证损失=0.0250
2025-09-16 20:36:27,576 - INFO - 轮次 48/50: 损失=0.0254, 验证损失=0.0250
2025-09-16 20:36:27,577 - INFO - Epoch 48 完成: 训练损失=0.0254, 验证损失=0.0250
2025-09-16 20:36:34,929 - INFO - 轮次 49/50: 损失=0.0254, 验证损失=0.0249
2025-09-16 20:36:34,930 - INFO - Epoch 49 完成: 训练损失=0.0254, 验证损失=0.0249
2025-09-16 20:36:42,336 - INFO - 轮次 50/50: 损失=0.0254, 验证损失=0.0250
2025-09-16 20:36:42,338 - INFO - Epoch 50 完成: 训练损失=0.0254, 验证损失=0.0250
2025-09-16 20:36:42,510 - INFO - 训练完成！总耗时: 0小时 6分钟 51秒
2025-09-16 20:36:42,511 - INFO - 训练历史已保存到: D:\大三夏季学期\交通车辆速度预测应用系统\logs\training_history_gcn_gru_fuzzy_Los-loop_20250916_203642.json
2025-09-16 20:36:42,511 - INFO - 保存训练好的模型...
2025-09-16 20:36:42,566 - INFO - 模型已保存至: D:\大三夏季学期\交通车辆速度预测应用系统\models\gcn_gru_fuzzy_Los-loop.keras
2025-09-16 20:36:42,569 - INFO - 模型信息已保存至: D:\大三夏季学期\交通车辆速度预测应用系统\models\gcn_gru_fuzzy_Los-loop_info.pkl
2025-09-16 20:36:42,570 - INFO - 模糊推理系统已保存至: D:\大三夏季学期\交通车辆速度预测应用系统\models\fuzzy_system_Los-loop.pkl
2025-09-16 20:36:42,570 - INFO - 模糊推理系统已保存至: D:\大三夏季学期\交通车辆速度预测应用系统\models\fuzzy_system_Los-loop.pkl
2025-09-16 20:36:42,570 - INFO - 在测试集上评估模型性能...
2025-09-16 20:36:45,047 - INFO - 测试集性能:
2025-09-16 20:36:45,047 - INFO - Loss: 0.0248
2025-09-16 20:36:45,047 - INFO - RMSE (标准化): 0.1532
2025-09-16 20:36:45,047 - INFO - RMSE (原始值，km/h): 18.3829
2025-09-16 20:36:45,048 - INFO - MAE (标准化): 0.0833
2025-09-16 20:36:45,048 - INFO - MAE (原始值，km/h): 10.0009
2025-09-16 20:36:47,534 - INFO - 准确率 (±10.0%误差范围): 71.74%
2025-09-16 20:36:47,541 - INFO - 测试结果已保存至: D:\大三夏季学期\交通车辆速度预测应用系统\results\test_results_20250916_203647.pkl
2025-09-16 20:36:47,623 - INFO - 测试结果: {'loss': 0.02477523311972618, 'rmse': 0.15319088101387024, 'mae': 0.08334068953990936, 'original_rmse': 18.38290572166443, 'original_mae': 10.000882744789124, 'accuracy': 0.7173615952934841}
2025-09-16 20:36:48,678 - INFO - 训练进度图表已保存到: D:\大三夏季学期\交通车辆速度预测应用系统\logs\training_progress_gcn_gru_fuzzy_Los-loop_20250916_203647.png
2025-09-16 20:37:56,779 - INFO - 预测对比图表已保存到: D:\大三夏季学期\交通车辆速度预测应用系统\logs\prediction_comparison_gcn_gru_fuzzy_Los-loop_20250916_203755.png
2025-09-16 20:37:59,437 - INFO - 误差分布图已保存到: D:\大三夏季学期\交通车辆速度预测应用系统\logs\error_distribution_gcn_gru_fuzzy_Los-loop_20250916_203759.png
