2025-09-19 11:37:37,690 - TrafficPrediction - INFO - === 交通车辆速度预测应用系统 ===
2025-09-19 11:37:37,690 - TrafficPrediction - INFO - 当前模式: train
2025-09-19 11:37:37,690 - TrafficPrediction - INFO - 开始模型训练...
2025-09-19 11:37:38,615 - src.model_training - INFO - 开始训练模型: gcn_gru_fuzzy, 数据集: Los-loop
2025-09-19 11:37:38,615 - src.model_training - INFO - 加载数据集: Los-loop
2025-09-19 11:37:39,260 - src.model_training - INFO - 已加载预训练的标准化器
2025-09-19 11:37:39,261 - src.model_training - INFO - 数据集加载完成: X形状=(32111, 12, 207), y形状=(32111, 207), 外部特征形状=(32111, 207, 10), 邻接矩阵形状=(207, 207)
2025-09-19 11:37:39,261 - src.model_training - INFO - 划分数据集...
2025-09-19 11:37:39,913 - src.model_training - INFO - 训练集大小: 19266
2025-09-19 11:37:39,913 - src.model_training - INFO - 验证集大小: 6422
2025-09-19 11:37:39,913 - src.model_training - INFO - 测试集大小: 6423
2025-09-19 11:37:40,016 - src.model_training - INFO - 创建模型，节点数: 207, 隐藏层大小: 64
2025-09-19 11:37:40,016 - src.model_structure - INFO - 创建模型: 节点数=207, 时间步=12, 隐藏层大小=64
2025-09-19 11:37:40,656 - TrafficPrediction - INFO - 初始化模糊推理系统...
2025-09-19 11:37:40,672 - src.model_structure - INFO - SpatioTemporalGCNGRU.call() called with inputs type: <class 'list'>
2025-09-19 11:37:40,672 - src.model_structure - INFO - Training mode: False
2025-09-19 11:37:40,672 - src.model_structure - INFO - Inputs is list/tuple with length: 3
2025-09-19 11:37:40,672 - src.model_structure - INFO - Speed sequences shape: (None, 12, 207)
2025-09-19 11:37:40,686 - src.model_structure - INFO - Adjacency matrix shape: (None, 207, 207)
2025-09-19 11:37:40,686 - src.model_structure - INFO - External features shape: (None, 207, 10)
2025-09-19 11:37:41,460 - src.model_structure - INFO - Predictions shape: (None, 207)
2025-09-19 11:37:41,472 - src.model_structure - INFO - 模型结构摘要:
2025-09-19 11:37:41,472 - src.model_structure - INFO - Model: "model"
2025-09-19 11:37:41,473 - src.model_structure - INFO - __________________________________________________________________________________________________
2025-09-19 11:37:41,473 - src.model_structure - INFO -  Layer (type)                   Output Shape         Param #     Connected to                     
2025-09-19 11:37:41,473 - src.model_structure - INFO - ==================================================================================================
2025-09-19 11:37:41,473 - src.model_structure - INFO -  input_2 (InputLayer)           [(None, 207, 207)]   0           []                               
2025-09-19 11:37:41,473 - src.model_structure - INFO -                                                                                                   
2025-09-19 11:37:41,474 - src.model_structure - INFO -  input_1 (InputLayer)           [(None, 12, 207)]    0           []                               
2025-09-19 11:37:41,474 - src.model_structure - INFO -                                                                                                   
2025-09-19 11:37:41,474 - src.model_structure - INFO -  tf.expand_dims_1 (TFOpLambda)  (None, 1, 207, 207)  0           ['input_2[0][0]']                
2025-09-19 11:37:41,474 - src.model_structure - INFO -                                                                                                   
2025-09-19 11:37:41,474 - src.model_structure - INFO -  tf.expand_dims (TFOpLambda)    (None, 12, 207, 1)   0           ['input_1[0][0]']                
2025-09-19 11:37:41,475 - src.model_structure - INFO -                                                                                                   
2025-09-19 11:37:41,475 - src.model_structure - INFO -  tf.tile (TFOpLambda)           (None, 12, 207, 207  0           ['tf.expand_dims_1[0][0]']       
2025-09-19 11:37:41,475 - src.model_structure - INFO -                                 )                                                                 
2025-09-19 11:37:41,475 - src.model_structure - INFO -                                                                                                   
2025-09-19 11:37:41,475 - src.model_structure - INFO -  tf.reshape (TFOpLambda)        (None, 207, 1)       0           ['tf.expand_dims[0][0]']         
2025-09-19 11:37:41,475 - src.model_structure - INFO -                                                                                                   
2025-09-19 11:37:41,476 - src.model_structure - INFO -  tf.reshape_1 (TFOpLambda)      (None, 207, 207)     0           ['tf.tile[0][0]']                
2025-09-19 11:37:41,476 - src.model_structure - INFO -                                                                                                   
2025-09-19 11:37:41,477 - src.model_structure - INFO -  gcn_layer (GCNLayer)           (None, 207, 32)      64          ['tf.reshape[0][0]',             
2025-09-19 11:37:41,477 - src.model_structure - INFO -                                                                   'tf.reshape_1[0][0]']           
2025-09-19 11:37:41,477 - src.model_structure - INFO -                                                                                                   
2025-09-19 11:37:41,478 - src.model_structure - INFO -  batch_normalization (BatchNorm  (None, 207, 32)     128         ['gcn_layer[0][0]']              
2025-09-19 11:37:41,478 - src.model_structure - INFO -  alization)                                                                                       
2025-09-19 11:37:41,478 - src.model_structure - INFO -                                                                                                   
2025-09-19 11:37:41,478 - src.model_structure - INFO -  gcn_layer_1 (GCNLayer)         (None, 207, 32)      1056        ['batch_normalization[0][0]',    
2025-09-19 11:37:41,478 - src.model_structure - INFO -                                                                   'tf.reshape_1[0][0]']           
2025-09-19 11:37:41,478 - src.model_structure - INFO -                                                                                                   
2025-09-19 11:37:41,478 - src.model_structure - INFO -  input_3 (InputLayer)           [(None, 207, 10)]    0           []                               
2025-09-19 11:37:41,479 - src.model_structure - INFO -                                                                                                   
2025-09-19 11:37:41,479 - src.model_structure - INFO -  batch_normalization_1 (BatchNo  (None, 207, 32)     128         ['gcn_layer_1[0][0]']            
2025-09-19 11:37:41,479 - src.model_structure - INFO -  rmalization)                                                                                     
2025-09-19 11:37:41,479 - src.model_structure - INFO -                                                                                                   
2025-09-19 11:37:41,479 - src.model_structure - INFO -  tf.math.reduce_mean (TFOpLambd  (None, 10)          0           ['input_3[0][0]']                
2025-09-19 11:37:41,480 - src.model_structure - INFO -  a)                                                                                               
2025-09-19 11:37:41,480 - src.model_structure - INFO -                                                                                                   
2025-09-19 11:37:41,480 - src.model_structure - INFO -  tf.reshape_2 (TFOpLambda)      (None, 12, 207, 32)  0           ['batch_normalization_1[0][0]']  
2025-09-19 11:37:41,480 - src.model_structure - INFO -                                                                                                   
2025-09-19 11:37:41,480 - src.model_structure - INFO -  dense (Dense)                  (None, 64)           704         ['tf.math.reduce_mean[0][0]']    
2025-09-19 11:37:41,481 - src.model_structure - INFO -                                                                                                   
2025-09-19 11:37:41,481 - src.model_structure - INFO -  dropout (Dropout)              multiple             0           ['dense[0][0]',                  
2025-09-19 11:37:41,481 - src.model_structure - INFO -                                                                   'dense_2[0][0]']                
2025-09-19 11:37:41,481 - src.model_structure - INFO -                                                                                                   
2025-09-19 11:37:41,481 - src.model_structure - INFO -  tf.reshape_3 (TFOpLambda)      (None, 12, 6624)     0           ['tf.reshape_2[0][0]']           
2025-09-19 11:37:41,481 - src.model_structure - INFO -                                                                                                   
2025-09-19 11:37:41,482 - src.model_structure - INFO -  gru (GRU)                      (None, 12, 64)       1284480     ['tf.reshape_3[0][0]']           
2025-09-19 11:37:41,482 - src.model_structure - INFO -                                                                                                   
2025-09-19 11:37:41,482 - src.model_structure - INFO -  dense_1 (Dense)                (None, 32)           2080        ['dropout[0][0]']                
2025-09-19 11:37:41,482 - src.model_structure - INFO -                                                                                                   
2025-09-19 11:37:41,482 - src.model_structure - INFO -  gru_1 (GRU)                    (None, 64)           24960       ['gru[0][0]']                    
2025-09-19 11:37:41,483 - src.model_structure - INFO -                                                                                                   
2025-09-19 11:37:41,483 - src.model_structure - INFO -  batch_normalization_2 (BatchNo  (None, 32)          128         ['dense_1[0][0]']                
2025-09-19 11:37:41,483 - src.model_structure - INFO -  rmalization)                                                                                     
2025-09-19 11:37:41,483 - src.model_structure - INFO -                                                                                                   
2025-09-19 11:37:41,483 - src.model_structure - INFO -  tf.concat (TFOpLambda)         (None, 96)           0           ['gru_1[0][0]',                  
2025-09-19 11:37:41,483 - src.model_structure - INFO -                                                                   'batch_normalization_2[0][0]']  
2025-09-19 11:37:41,483 - src.model_structure - INFO -                                                                                                   
2025-09-19 11:37:41,484 - src.model_structure - INFO -  dense_2 (Dense)                (None, 128)          12416       ['tf.concat[0][0]']              
2025-09-19 11:37:41,484 - src.model_structure - INFO -                                                                                                   
2025-09-19 11:37:41,484 - src.model_structure - INFO -  dense_3 (Dense)                (None, 64)           8256        ['dropout[1][0]']                
2025-09-19 11:37:41,484 - src.model_structure - INFO -                                                                                                   
2025-09-19 11:37:41,484 - src.model_structure - INFO -  dense_4 (Dense)                (None, 207)          13455       ['dense_3[0][0]']                
2025-09-19 11:37:41,484 - src.model_structure - INFO -                                                                                                   
2025-09-19 11:37:41,485 - src.model_structure - INFO - ==================================================================================================
2025-09-19 11:37:41,485 - src.model_structure - INFO - Total params: 1,347,855
2025-09-19 11:37:41,485 - src.model_structure - INFO - Trainable params: 1,347,663
2025-09-19 11:37:41,485 - src.model_structure - INFO - Non-trainable params: 192
2025-09-19 11:37:41,485 - src.model_structure - INFO - __________________________________________________________________________________________________
2025-09-19 11:37:41,491 - src.model_training - INFO - 初始化模糊推理系统...
2025-09-19 11:37:41,492 - TrafficPrediction - INFO - 初始化模糊推理系统...
2025-09-19 11:37:41,493 - src.model_training - INFO - 模型目录已创建: D:\大三夏季学期\交通车辆速度预测应用系统\models
2025-09-19 11:37:41,493 - src.model_training - INFO - 临时禁用TensorBoard回调，使用TrainingVisualizer代替
2025-09-19 11:37:41,495 - gcn_gru_fuzzy_Los-loop_visualizer - INFO - 开始训练模型: gcn_gru_fuzzy，数据集: Los-loop，总轮次: 100
2025-09-19 11:37:41,496 - src.model_training - INFO - 开始模型训练，共100轮
2025-09-19 11:37:58,530 - src.model_training - INFO - 轮次 1/100: 损失=0.125638, 验证损失=0.039534, 损失变化率=nan%, MAE=0.136963, 验证MAE=0.114824, RMSE=0.224135, 验证RMSE=0.182281, 平滑损失=0.125638 [最佳] [有效]
2025-09-19 11:37:58,533 - gcn_gru_fuzzy_Los-loop_visualizer - INFO - Epoch 1 完成: 训练损失=0.125638, 验证损失=0.039534, 损失变化率=0.00%
2025-09-19 11:38:07,960 - src.model_training - INFO - 轮次 2/100: 损失=0.037297, 验证损失=0.035982, 损失变化率=70.31%, MAE=0.114862, 验证MAE=0.109886, RMSE=0.180005, 验证RMSE=0.178216, 平滑损失=0.037297 [最佳] [有效]
2025-09-19 11:38:07,963 - gcn_gru_fuzzy_Los-loop_visualizer - INFO - Epoch 2 完成: 训练损失=0.037297, 验证损失=0.035982, 损失变化率=70.31%
2025-09-19 11:38:18,108 - src.model_training - INFO - 轮次 3/100: 损失=0.034117, 验证损失=0.033688, 损失变化率=8.53%, MAE=0.106166, 验证MAE=0.101474, RMSE=0.173454, 验证RMSE=0.173400, 平滑损失=0.034117 [最佳] [有效]
2025-09-19 11:38:18,112 - gcn_gru_fuzzy_Los-loop_visualizer - INFO - Epoch 3 完成: 训练损失=0.034117, 验证损失=0.033688, 损失变化率=8.53%
2025-09-19 11:38:28,697 - src.model_training - INFO - 轮次 4/100: 损失=0.032926, 验证损失=0.032998, 损失变化率=3.49%, MAE=0.103376, 验证MAE=0.104953, RMSE=0.171876, 验证RMSE=0.172683, 平滑损失=0.032926 [最佳] [有效]
2025-09-19 11:38:28,701 - gcn_gru_fuzzy_Los-loop_visualizer - INFO - Epoch 4 完成: 训练损失=0.032926, 验证损失=0.032998, 损失变化率=3.49%
2025-09-19 11:38:38,935 - src.model_training - INFO - 轮次 5/100: 损失=0.032448, 验证损失=0.032671, 损失变化率=1.45%, MAE=0.102716, 验证MAE=0.101267, RMSE=0.171503, 验证RMSE=0.172677, 平滑损失=0.052485 [最佳] [有效]
2025-09-19 11:38:38,938 - gcn_gru_fuzzy_Los-loop_visualizer - INFO - Epoch 5 完成: 训练损失=0.032448, 验证损失=0.032671, 损失变化率=1.45%
2025-09-19 11:38:49,253 - src.model_training - INFO - 轮次 6/100: 损失=0.032146, 验证损失=0.032226, 损失变化率=0.93%, MAE=0.102308, 验证MAE=0.103890, RMSE=0.171256, 验证RMSE=0.171749, 平滑损失=0.033787 [最佳] [有效]
2025-09-19 11:38:49,257 - gcn_gru_fuzzy_Los-loop_visualizer - INFO - Epoch 6 完成: 训练损失=0.032146, 验证损失=0.032226, 损失变化率=0.93%
2025-09-19 11:39:00,968 - src.model_training - INFO - 轮次 7/100: 损失=0.031787, 验证损失=0.032176, 损失变化率=1.11%, MAE=0.101417, 验证MAE=0.104467, RMSE=0.170748, 验证RMSE=0.171974, 平滑损失=0.032685 [最佳] [有效]
2025-09-19 11:39:00,973 - gcn_gru_fuzzy_Los-loop_visualizer - INFO - Epoch 7 完成: 训练损失=0.031787, 验证损失=0.032176, 损失变化率=1.11%
2025-09-19 11:39:13,157 - src.model_training - INFO - 轮次 8/100: 损失=0.031575, 验证损失=0.031825, 损失变化率=0.67%, MAE=0.101034, 验证MAE=0.102889, RMSE=0.170524, 验证RMSE=0.171191, 平滑损失=0.032177 [最佳] [有效]
2025-09-19 11:39:13,162 - gcn_gru_fuzzy_Los-loop_visualizer - INFO - Epoch 8 完成: 训练损失=0.031575, 验证损失=0.031825, 损失变化率=0.67%
2025-09-19 11:39:25,142 - src.model_training - INFO - 轮次 9/100: 损失=0.031394, 验证损失=0.031698, 损失变化率=0.57%, MAE=0.100656, 验证MAE=0.098092, RMSE=0.170345, 验证RMSE=0.171326, 平滑损失=0.031870 [最佳] [有效]
2025-09-19 11:39:25,147 - gcn_gru_fuzzy_Los-loop_visualizer - INFO - Epoch 9 完成: 训练损失=0.031394, 验证损失=0.031698, 损失变化率=0.57%
2025-09-19 11:39:37,214 - src.model_training - INFO - 轮次 10/100: 损失=0.031214, 验证损失=0.031487, 损失变化率=0.57%, MAE=0.100388, 验证MAE=0.098814, RMSE=0.170136, 验证RMSE=0.170968, 平滑损失=0.031623 [最佳] [有效]
2025-09-19 11:39:37,219 - gcn_gru_fuzzy_Los-loop_visualizer - INFO - Epoch 10 完成: 训练损失=0.031214, 验证损失=0.031487, 损失变化率=0.57%
2025-09-19 11:39:49,203 - src.model_training - INFO - 轮次 11/100: 损失=0.031077, 验证损失=0.031362, 损失变化率=0.44%, MAE=0.100136, 验证MAE=0.100558, RMSE=0.170003, 验证RMSE=0.170932, 平滑损失=0.031410 [最佳] [有效]
2025-09-19 11:39:49,216 - gcn_gru_fuzzy_Los-loop_visualizer - INFO - Epoch 11 完成: 训练损失=0.031077, 验证损失=0.031362, 损失变化率=0.44%
2025-09-19 11:40:01,253 - src.model_training - INFO - 轮次 12/100: 损失=0.030938, 验证损失=0.031254, 损失变化率=0.45%, MAE=0.099963, 验证MAE=0.099466, RMSE=0.169866, 验证RMSE=0.170819, 平滑损失=0.031240 [最佳] [有效]
2025-09-19 11:40:01,258 - gcn_gru_fuzzy_Los-loop_visualizer - INFO - Epoch 12 完成: 训练损失=0.030938, 验证损失=0.031254, 损失变化率=0.45%
2025-09-19 11:40:13,269 - src.model_training - INFO - 轮次 13/100: 损失=0.030863, 验证损失=0.031114, 损失变化率=0.24%, MAE=0.099952, 验证MAE=0.099862, RMSE=0.169840, 验证RMSE=0.170580, 平滑损失=0.031097 [最佳] [有效]
2025-09-19 11:40:13,275 - gcn_gru_fuzzy_Los-loop_visualizer - INFO - Epoch 13 完成: 训练损失=0.030863, 验证损失=0.031114, 损失变化率=0.24%
2025-09-19 11:40:25,257 - src.model_training - INFO - 轮次 14/100: 损失=0.030803, 验证损失=0.031166, 损失变化率=0.19%, MAE=0.099914, 验证MAE=0.098024, RMSE=0.169811, 验证RMSE=0.170804, 平滑损失=0.030979 [最佳] [有效]
2025-09-19 11:40:25,262 - gcn_gru_fuzzy_Los-loop_visualizer - INFO - Epoch 14 完成: 训练损失=0.030803, 验证损失=0.031166, 损失变化率=0.19%
2025-09-19 11:40:37,156 - src.model_training - INFO - 轮次 15/100: 损失=0.030771, 验证损失=0.031151, 损失变化率=0.10%, MAE=0.099889, 验证MAE=0.103352, RMSE=0.169859, 验证RMSE=0.171132, 平滑损失=0.030890 [最佳] [有效]
2025-09-19 11:40:37,162 - gcn_gru_fuzzy_Los-loop_visualizer - INFO - Epoch 15 完成: 训练损失=0.030771, 验证损失=0.031151, 损失变化率=0.10%
2025-09-19 11:40:48,595 - src.model_training - INFO - 轮次 16/100: 损失=0.030682, 验证损失=0.031153, 损失变化率=0.29%, MAE=0.099782, 验证MAE=0.096967, RMSE=0.169735, 验证RMSE=0.171128, 平滑损失=0.030811 [最佳] [有效]
2025-09-19 11:40:48,599 - gcn_gru_fuzzy_Los-loop_visualizer - INFO - Epoch 16 完成: 训练损失=0.030682, 验证损失=0.031153, 损失变化率=0.29%
2025-09-19 11:41:00,226 - src.model_training - INFO - 轮次 17/100: 损失=0.030657, 验证损失=0.030993, 损失变化率=0.08%, MAE=0.099775, 验证MAE=0.098030, RMSE=0.169773, 验证RMSE=0.170810, 平滑损失=0.030755 [最佳] [有效]
2025-09-19 11:41:00,231 - gcn_gru_fuzzy_Los-loop_visualizer - INFO - Epoch 17 完成: 训练损失=0.030657, 验证损失=0.030993, 损失变化率=0.08%
2025-09-19 11:41:11,756 - src.model_training - INFO - 轮次 18/100: 损失=0.030596, 验证损失=0.031007, 损失变化率=0.20%, MAE=0.099718, 验证MAE=0.103339, RMSE=0.169715, 验证RMSE=0.171050, 平滑损失=0.030702 [最佳] [有效]
2025-09-19 11:41:11,761 - gcn_gru_fuzzy_Los-loop_visualizer - INFO - Epoch 18 完成: 训练损失=0.030596, 验证损失=0.031007, 损失变化率=0.20%
2025-09-19 11:41:23,509 - src.model_training - INFO - 轮次 19/100: 损失=0.030553, 验证损失=0.031429, 损失变化率=0.14%, MAE=0.099673, 验证MAE=0.096384, RMSE=0.169695, 验证RMSE=0.172249, 平滑损失=0.030652 [最佳] [有效]
2025-09-19 11:41:23,514 - gcn_gru_fuzzy_Los-loop_visualizer - INFO - Epoch 19 完成: 训练损失=0.030553, 验证损失=0.031429, 损失变化率=0.14%
2025-09-19 11:41:35,220 - src.model_training - INFO - 轮次 20/100: 损失=0.030501, 验证损失=0.030947, 损失变化率=0.17%, MAE=0.099605, 验证MAE=0.098026, RMSE=0.169651, 验证RMSE=0.170731, 平滑损失=0.030598 [最佳] [有效]
2025-09-19 11:41:35,225 - gcn_gru_fuzzy_Los-loop_visualizer - INFO - Epoch 20 完成: 训练损失=0.030501, 验证损失=0.030947, 损失变化率=0.17%
2025-09-19 11:41:46,927 - src.model_training - INFO - 轮次 21/100: 损失=0.030518, 验证损失=0.030798, 损失变化率=-0.06%, MAE=0.099763, 验证MAE=0.098408, RMSE=0.169729, 验证RMSE=0.170620, 平滑损失=0.030565 [有效]
2025-09-19 11:41:46,937 - gcn_gru_fuzzy_Los-loop_visualizer - INFO - Epoch 21 完成: 训练损失=0.030518, 验证损失=0.030798, 损失变化率=-0.06%
2025-09-19 11:41:58,915 - src.model_training - INFO - 轮次 22/100: 损失=0.030437, 验证损失=0.030850, 损失变化率=0.26%, MAE=0.099574, 验证MAE=0.100038, RMSE=0.169641, 验证RMSE=0.171025, 平滑损失=0.030521 [最佳] [有效]
2025-09-19 11:41:58,919 - gcn_gru_fuzzy_Los-loop_visualizer - INFO - Epoch 22 完成: 训练损失=0.030437, 验证损失=0.030850, 损失变化率=0.26%
2025-09-19 11:42:11,017 - src.model_training - INFO - 轮次 23/100: 损失=0.030433, 验证损失=0.030778, 损失变化率=0.01%, MAE=0.099662, 验证MAE=0.103536, RMSE=0.169688, 验证RMSE=0.170792, 平滑损失=0.030488 [最佳] [有效]
2025-09-19 11:42:11,022 - gcn_gru_fuzzy_Los-loop_visualizer - INFO - Epoch 23 完成: 训练损失=0.030433, 验证损失=0.030778, 损失变化率=0.01%
2025-09-19 11:42:23,032 - src.model_training - INFO - 轮次 24/100: 损失=0.030367, 验证损失=0.030695, 损失变化率=0.22%, MAE=0.099459, 验证MAE=0.097833, RMSE=0.169582, 验证RMSE=0.170571, 平滑损失=0.030451 [最佳] [有效]
2025-09-19 11:42:23,037 - gcn_gru_fuzzy_Los-loop_visualizer - INFO - Epoch 24 完成: 训练损失=0.030367, 验证损失=0.030695, 损失变化率=0.22%
2025-09-19 11:42:35,001 - src.model_training - INFO - 轮次 25/100: 损失=0.030349, 验证损失=0.030955, 损失变化率=0.06%, MAE=0.099536, 验证MAE=0.100259, RMSE=0.169592, 验证RMSE=0.171615, 平滑损失=0.030421 [最佳] [有效]
2025-09-19 11:42:35,006 - gcn_gru_fuzzy_Los-loop_visualizer - INFO - Epoch 25 完成: 训练损失=0.030349, 验证损失=0.030955, 损失变化率=0.06%
2025-09-19 11:42:46,932 - src.model_training - INFO - 轮次 26/100: 损失=0.030324, 验证损失=0.030708, 损失变化率=0.08%, MAE=0.099505, 验证MAE=0.101630, RMSE=0.169573, 验证RMSE=0.170909, 平滑损失=0.030382 [最佳] [有效]
2025-09-19 11:42:46,936 - gcn_gru_fuzzy_Los-loop_visualizer - INFO - Epoch 26 完成: 训练损失=0.030324, 验证损失=0.030708, 损失变化率=0.08%
2025-09-19 11:42:58,957 - src.model_training - INFO - 轮次 27/100: 损失=0.030288, 验证损失=0.030658, 损失变化率=0.12%, MAE=0.099449, 验证MAE=0.097653, RMSE=0.169555, 验证RMSE=0.170719, 平滑损失=0.030352 [最佳] [有效]
2025-09-19 11:42:58,961 - gcn_gru_fuzzy_Los-loop_visualizer - INFO - Epoch 27 完成: 训练损失=0.030288, 验证损失=0.030658, 损失变化率=0.12%
2025-09-19 11:43:11,020 - src.model_training - INFO - 轮次 28/100: 损失=0.030285, 验证损失=0.030657, 损失变化率=0.01%, MAE=0.099524, 验证MAE=0.100023, RMSE=0.169599, 验证RMSE=0.170658, 平滑损失=0.030323 [最佳] [有效]
2025-09-19 11:43:11,025 - gcn_gru_fuzzy_Los-loop_visualizer - INFO - Epoch 28 完成: 训练损失=0.030285, 验证损失=0.030657, 损失变化率=0.01%
2025-09-19 11:43:23,022 - src.model_training - INFO - 轮次 29/100: 损失=0.030248, 验证损失=0.030567, 损失变化率=0.12%, MAE=0.099406, 验证MAE=0.101281, RMSE=0.169550, 验证RMSE=0.170511, 平滑损失=0.030299 [最佳] [有效]
2025-09-19 11:43:23,027 - gcn_gru_fuzzy_Los-loop_visualizer - INFO - Epoch 29 完成: 训练损失=0.030248, 验证损失=0.030567, 损失变化率=0.12%
2025-09-19 11:43:35,140 - src.model_training - INFO - 轮次 30/100: 损失=0.030212, 验证损失=0.030521, 损失变化率=0.12%, MAE=0.099366, 验证MAE=0.101336, RMSE=0.169515, 验证RMSE=0.170381, 平滑损失=0.030271 [最佳] [有效]
2025-09-19 11:43:35,145 - gcn_gru_fuzzy_Los-loop_visualizer - INFO - Epoch 30 完成: 训练损失=0.030212, 验证损失=0.030521, 损失变化率=0.12%
2025-09-19 11:43:47,068 - src.model_training - INFO - 轮次 31/100: 损失=0.030189, 验证损失=0.030547, 损失变化率=0.08%, MAE=0.099363, 验证MAE=0.099794, RMSE=0.169503, 验证RMSE=0.170483, 平滑损失=0.030244 [最佳] [有效]
2025-09-19 11:43:47,073 - gcn_gru_fuzzy_Los-loop_visualizer - INFO - Epoch 31 完成: 训练损失=0.030189, 验证损失=0.030547, 损失变化率=0.08%
2025-09-19 11:43:59,076 - src.model_training - INFO - 轮次 32/100: 损失=0.030187, 验证损失=0.030612, 损失变化率=0.00%, MAE=0.099453, 验证MAE=0.097874, RMSE=0.169536, 验证RMSE=0.170852, 平滑损失=0.030224 [最佳] [有效]
2025-09-19 11:43:59,080 - gcn_gru_fuzzy_Los-loop_visualizer - INFO - Epoch 32 完成: 训练损失=0.030187, 验证损失=0.030612, 损失变化率=0.00%
2025-09-19 11:44:10,907 - src.model_training - INFO - 轮次 33/100: 损失=0.030153, 验证损失=0.030637, 损失变化率=0.11%, MAE=0.099303, 验证MAE=0.097662, RMSE=0.169496, 验证RMSE=0.170733, 平滑损失=0.030198 [最佳] [有效]
2025-09-19 11:44:10,912 - gcn_gru_fuzzy_Los-loop_visualizer - INFO - Epoch 33 完成: 训练损失=0.030153, 验证损失=0.030637, 损失变化率=0.11%
2025-09-19 11:44:22,759 - src.model_training - INFO - 轮次 34/100: 损失=0.030163, 验证损失=0.030427, 损失变化率=-0.03%, MAE=0.099368, 验证MAE=0.099651, RMSE=0.169536, 验证RMSE=0.170365, 平滑损失=0.030181 [有效]
2025-09-19 11:44:22,763 - gcn_gru_fuzzy_Los-loop_visualizer - INFO - Epoch 34 完成: 训练损失=0.030163, 验证损失=0.030427, 损失变化率=-0.03%
2025-09-19 11:44:34,763 - src.model_training - INFO - 轮次 35/100: 损失=0.030144, 验证损失=0.030552, 损失变化率=0.06%, MAE=0.099450, 验证MAE=0.102427, RMSE=0.169551, 验证RMSE=0.170818, 平滑损失=0.030167 [最佳] [有效]
2025-09-19 11:44:34,768 - gcn_gru_fuzzy_Los-loop_visualizer - INFO - Epoch 35 完成: 训练损失=0.030144, 验证损失=0.030552, 损失变化率=0.06%
2025-09-19 11:44:46,738 - src.model_training - INFO - 轮次 36/100: 损失=0.030114, 验证损失=0.030525, 损失变化率=0.10%, MAE=0.099345, 验证MAE=0.103291, RMSE=0.169502, 验证RMSE=0.170714, 平滑损失=0.030152 [最佳] [有效]
2025-09-19 11:44:46,743 - gcn_gru_fuzzy_Los-loop_visualizer - INFO - Epoch 36 完成: 训练损失=0.030114, 验证损失=0.030525, 损失变化率=0.10%
2025-09-19 11:44:58,743 - src.model_training - INFO - 轮次 37/100: 损失=0.030083, 验证损失=0.030405, 损失变化率=0.10%, MAE=0.099305, 验证MAE=0.101293, RMSE=0.169466, 验证RMSE=0.170514, 平滑损失=0.030131 [最佳] [有效]
2025-09-19 11:44:58,747 - gcn_gru_fuzzy_Los-loop_visualizer - INFO - Epoch 37 完成: 训练损失=0.030083, 验证损失=0.030405, 损失变化率=0.10%
2025-09-19 11:45:10,638 - src.model_training - INFO - 轮次 38/100: 损失=0.030066, 验证损失=0.030493, 损失变化率=0.06%, MAE=0.099258, 验证MAE=0.102442, RMSE=0.169449, 验证RMSE=0.170813, 平滑损失=0.030114 [最佳] [有效]
2025-09-19 11:45:10,642 - gcn_gru_fuzzy_Los-loop_visualizer - INFO - Epoch 38 完成: 训练损失=0.030066, 验证损失=0.030493, 损失变化率=0.06%
2025-09-19 11:45:22,555 - src.model_training - INFO - 轮次 39/100: 损失=0.030054, 验证损失=0.030467, 损失变化率=0.04%, MAE=0.099238, 验证MAE=0.103194, RMSE=0.169441, 验证RMSE=0.170805, 平滑损失=0.030092 [最佳] [有效]
2025-09-19 11:45:22,560 - gcn_gru_fuzzy_Los-loop_visualizer - INFO - Epoch 39 完成: 训练损失=0.030054, 验证损失=0.030467, 损失变化率=0.04%
2025-09-19 11:45:34,648 - src.model_training - INFO - 轮次 40/100: 损失=0.029937, 验证损失=0.030375, 损失变化率=0.39%, MAE=0.098828, 验证MAE=0.102200, RMSE=0.169181, 验证RMSE=0.170538, 平滑损失=0.030051 [最佳] [有效]
2025-09-19 11:45:34,653 - gcn_gru_fuzzy_Los-loop_visualizer - INFO - Epoch 40 完成: 训练损失=0.029937, 验证损失=0.030375, 损失变化率=0.39%
2025-09-19 11:45:46,731 - src.model_training - INFO - 轮次 41/100: 损失=0.029930, 验证损失=0.030328, 损失变化率=0.03%, MAE=0.098836, 验证MAE=0.100186, RMSE=0.169176, 验证RMSE=0.170358, 平滑损失=0.030014 [最佳] [有效]
2025-09-19 11:45:46,735 - gcn_gru_fuzzy_Los-loop_visualizer - INFO - Epoch 41 完成: 训练损失=0.029930, 验证损失=0.030328, 损失变化率=0.03%
2025-09-19 11:45:58,767 - src.model_training - INFO - 轮次 42/100: 损失=0.029901, 验证损失=0.030250, 损失变化率=0.10%, MAE=0.098767, 验证MAE=0.100116, RMSE=0.169117, 验证RMSE=0.170159, 平滑损失=0.029978 [最佳] [有效]
2025-09-19 11:45:58,772 - gcn_gru_fuzzy_Los-loop_visualizer - INFO - Epoch 42 完成: 训练损失=0.029901, 验证损失=0.030250, 损失变化率=0.10%
2025-09-19 11:46:10,631 - src.model_training - INFO - 轮次 43/100: 损失=0.029920, 验证损失=0.030406, 损失变化率=-0.06%, MAE=0.098858, 验证MAE=0.097511, RMSE=0.169176, 验证RMSE=0.170564, 平滑损失=0.029948 [有效]
2025-09-19 11:46:10,635 - gcn_gru_fuzzy_Los-loop_visualizer - INFO - Epoch 43 完成: 训练损失=0.029920, 验证损失=0.030406, 损失变化率=-0.06%
2025-09-19 11:46:22,496 - src.model_training - INFO - 轮次 44/100: 损失=0.029909, 验证损失=0.030294, 损失变化率=0.04%, MAE=0.098826, 验证MAE=0.098946, RMSE=0.169162, 验证RMSE=0.170291, 平滑损失=0.029919 [有效]
2025-09-19 11:46:22,501 - gcn_gru_fuzzy_Los-loop_visualizer - INFO - Epoch 44 完成: 训练损失=0.029909, 验证损失=0.030294, 损失变化率=0.04%
2025-09-19 11:46:34,329 - src.model_training - INFO - 轮次 45/100: 损失=0.029918, 验证损失=0.030315, 损失变化率=-0.03%, MAE=0.098870, 验证MAE=0.102028, RMSE=0.169212, 验证RMSE=0.170443, 平滑损失=0.029916 [有效]
2025-09-19 11:46:34,334 - gcn_gru_fuzzy_Los-loop_visualizer - INFO - Epoch 45 完成: 训练损失=0.029918, 验证损失=0.030315, 损失变化率=-0.03%
2025-09-19 11:46:46,232 - src.model_training - INFO - 轮次 46/100: 损失=0.029885, 验证损失=0.030279, 损失变化率=0.11%, MAE=0.098790, 验证MAE=0.101969, RMSE=0.169145, 验证RMSE=0.170359, 平滑损失=0.029907 [最佳] [有效]
2025-09-19 11:46:46,237 - gcn_gru_fuzzy_Los-loop_visualizer - INFO - Epoch 46 完成: 训练损失=0.029885, 验证损失=0.030279, 损失变化率=0.11%
2025-09-19 11:46:58,038 - src.model_training - INFO - 轮次 47/100: 损失=0.029881, 验证损失=0.030270, 损失变化率=0.01%, MAE=0.098842, 验证MAE=0.100889, RMSE=0.169153, 验证RMSE=0.170246, 平滑损失=0.029903 [最佳] [有效]
2025-09-19 11:46:58,043 - gcn_gru_fuzzy_Los-loop_visualizer - INFO - Epoch 47 完成: 训练损失=0.029881, 验证损失=0.030270, 损失变化率=0.01%
2025-09-19 11:47:09,889 - src.model_training - INFO - 轮次 48/100: 损失=0.029810, 验证损失=0.030198, 损失变化率=0.24%, MAE=0.098505, 验证MAE=0.099366, RMSE=0.168962, 验证RMSE=0.170119, 平滑损失=0.029881 [最佳] [有效]
2025-09-19 11:47:09,893 - gcn_gru_fuzzy_Los-loop_visualizer - INFO - Epoch 48 完成: 训练损失=0.029810, 验证损失=0.030198, 损失变化率=0.24%
2025-09-19 11:47:21,625 - src.model_training - INFO - 轮次 49/100: 损失=0.029811, 验证损失=0.030236, 损失变化率=-0.00%, MAE=0.098546, 验证MAE=0.098034, RMSE=0.168977, 验证RMSE=0.170275, 平滑损失=0.029861 [有效]
2025-09-19 11:47:21,630 - gcn_gru_fuzzy_Los-loop_visualizer - INFO - Epoch 49 完成: 训练损失=0.029811, 验证损失=0.030236, 损失变化率=-0.00%
2025-09-19 11:47:33,401 - src.model_training - INFO - 轮次 50/100: 损失=0.029810, 验证损失=0.030231, 损失变化率=0.00%, MAE=0.098512, 验证MAE=0.101522, RMSE=0.168977, 验证RMSE=0.170261, 平滑损失=0.029840 [最佳] [有效]
2025-09-19 11:47:33,405 - gcn_gru_fuzzy_Los-loop_visualizer - INFO - Epoch 50 完成: 训练损失=0.029810, 验证损失=0.030231, 损失变化率=0.00%
2025-09-19 11:47:45,365 - src.model_training - INFO - 轮次 51/100: 损失=0.029808, 验证损失=0.030190, 损失变化率=0.01%, MAE=0.098545, 验证MAE=0.099403, RMSE=0.168984, 验证RMSE=0.170113, 平滑损失=0.029824 [最佳] [有效]
2025-09-19 11:47:45,369 - gcn_gru_fuzzy_Los-loop_visualizer - INFO - Epoch 51 完成: 训练损失=0.029808, 验证损失=0.030190, 损失变化率=0.01%
2025-09-19 11:47:56,808 - src.model_training - INFO - 轮次 52/100: 损失=0.029808, 验证损失=0.030221, 损失变化率=0.00%, MAE=0.098502, 验证MAE=0.098577, RMSE=0.168990, 验证RMSE=0.170187, 平滑损失=0.029810 [最佳] [有效]
2025-09-19 11:47:56,812 - gcn_gru_fuzzy_Los-loop_visualizer - INFO - Epoch 52 完成: 训练损失=0.029808, 验证损失=0.030221, 损失变化率=0.00%
2025-09-19 11:48:08,282 - src.model_training - INFO - 轮次 53/100: 损失=0.029767, 验证损失=0.030168, 损失变化率=0.14%, MAE=0.098384, 验证MAE=0.098974, RMSE=0.168885, 验证RMSE=0.170071, 平滑损失=0.029801 [最佳] [有效]
2025-09-19 11:48:08,286 - gcn_gru_fuzzy_Los-loop_visualizer - INFO - Epoch 53 完成: 训练损失=0.029767, 验证损失=0.030168, 损失变化率=0.14%
2025-09-19 11:48:19,770 - src.model_training - INFO - 轮次 54/100: 损失=0.029767, 验证损失=0.030204, 损失变化率=0.00%, MAE=0.098393, 验证MAE=0.099917, RMSE=0.168886, 验证RMSE=0.170236, 平滑损失=0.029792 [最佳] [有效]
2025-09-19 11:48:19,774 - gcn_gru_fuzzy_Los-loop_visualizer - INFO - Epoch 54 完成: 训练损失=0.029767, 验证损失=0.030204, 损失变化率=0.00%
2025-09-19 11:48:31,412 - src.model_training - INFO - 轮次 55/100: 损失=0.029768, 验证损失=0.030159, 损失变化率=-0.00%, MAE=0.098388, 验证MAE=0.099324, RMSE=0.168896, 验证RMSE=0.170059, 平滑损失=0.029784 [有效]
2025-09-19 11:48:31,418 - gcn_gru_fuzzy_Los-loop_visualizer - INFO - Epoch 55 完成: 训练损失=0.029768, 验证损失=0.030159, 损失变化率=-0.00%
2025-09-19 11:48:42,584 - src.model_training - INFO - 轮次 56/100: 损失=0.029763, 验证损失=0.030162, 损失变化率=0.02%, MAE=0.098383, 验证MAE=0.099282, RMSE=0.168886, 验证RMSE=0.170072, 平滑损失=0.029775 [最佳] [有效]
2025-09-19 11:48:42,589 - gcn_gru_fuzzy_Los-loop_visualizer - INFO - Epoch 56 完成: 训练损失=0.029763, 验证损失=0.030162, 损失变化率=0.02%
2025-09-19 11:48:53,916 - src.model_training - INFO - 轮次 57/100: 损失=0.029760, 验证损失=0.030162, 损失变化率=0.01%, MAE=0.098393, 验证MAE=0.098882, RMSE=0.168886, 验证RMSE=0.170053, 平滑损失=0.029765 [最佳] [有效]
2025-09-19 11:48:53,921 - gcn_gru_fuzzy_Los-loop_visualizer - INFO - Epoch 57 完成: 训练损失=0.029760, 验证损失=0.030162, 损失变化率=0.01%
2025-09-19 11:49:05,432 - src.model_training - INFO - 轮次 58/100: 损失=0.029744, 验证损失=0.030159, 损失变化率=0.05%, MAE=0.098280, 验证MAE=0.099868, RMSE=0.168837, 验证RMSE=0.170077, 平滑损失=0.029760 [最佳] [有效]
2025-09-19 11:49:05,437 - gcn_gru_fuzzy_Los-loop_visualizer - INFO - Epoch 58 完成: 训练损失=0.029744, 验证损失=0.030159, 损失变化率=0.05%
2025-09-19 11:49:16,920 - src.model_training - INFO - 轮次 59/100: 损失=0.029740, 验证损失=0.030152, 损失变化率=0.01%, MAE=0.098301, 验证MAE=0.099253, RMSE=0.168829, 验证RMSE=0.170063, 平滑损失=0.029755 [最佳] [有效]
2025-09-19 11:49:16,925 - gcn_gru_fuzzy_Los-loop_visualizer - INFO - Epoch 59 完成: 训练损失=0.029740, 验证损失=0.030152, 损失变化率=0.01%
2025-09-19 11:49:28,778 - src.model_training - INFO - 轮次 60/100: 损失=0.029738, 验证损失=0.030169, 损失变化率=0.01%, MAE=0.098292, 验证MAE=0.098610, RMSE=0.168825, 验证RMSE=0.170059, 平滑损失=0.029749 [最佳] [有效]
2025-09-19 11:49:28,783 - gcn_gru_fuzzy_Los-loop_visualizer - INFO - Epoch 60 完成: 训练损失=0.029738, 验证损失=0.030169, 损失变化率=0.01%
2025-09-19 11:49:40,923 - src.model_training - INFO - 轮次 61/100: 损失=0.029740, 验证损失=0.030150, 损失变化率=-0.01%, MAE=0.098294, 验证MAE=0.098618, RMSE=0.168839, 验证RMSE=0.170056, 平滑损失=0.029744 [有效]
2025-09-19 11:49:40,929 - gcn_gru_fuzzy_Los-loop_visualizer - INFO - Epoch 61 完成: 训练损失=0.029740, 验证损失=0.030150, 损失变化率=-0.01%
2025-09-19 11:49:52,869 - src.model_training - INFO - 轮次 62/100: 损失=0.029735, 验证损失=0.030148, 损失变化率=0.02%, MAE=0.098284, 验证MAE=0.099037, RMSE=0.168821, 验证RMSE=0.170045, 平滑损失=0.029739 [最佳] [有效]
2025-09-19 11:49:52,879 - gcn_gru_fuzzy_Los-loop_visualizer - INFO - Epoch 62 完成: 训练损失=0.029735, 验证损失=0.030148, 损失变化率=0.02%
2025-09-19 11:50:04,979 - src.model_training - INFO - 轮次 63/100: 损失=0.029739, 验证损失=0.030144, 损失变化率=-0.01%, MAE=0.098293, 验证MAE=0.099410, RMSE=0.168838, 验证RMSE=0.170025, 平滑损失=0.029738 [有效]
2025-09-19 11:50:04,985 - gcn_gru_fuzzy_Los-loop_visualizer - INFO - Epoch 63 完成: 训练损失=0.029739, 验证损失=0.030144, 损失变化率=-0.01%
2025-09-19 11:50:16,796 - src.model_training - INFO - 轮次 64/100: 损失=0.029737, 验证损失=0.030169, 损失变化率=0.01%, MAE=0.098334, 验证MAE=0.097673, RMSE=0.168835, 验证RMSE=0.170104, 平滑损失=0.029738 [有效]
2025-09-19 11:50:16,801 - gcn_gru_fuzzy_Los-loop_visualizer - INFO - Epoch 64 完成: 训练损失=0.029737, 验证损失=0.030169, 损失变化率=0.01%
2025-09-19 11:50:28,755 - src.model_training - INFO - 轮次 65/100: 损失=0.029733, 验证损失=0.030167, 损失变化率=0.01%, MAE=0.098258, 验证MAE=0.100662, RMSE=0.168828, 验证RMSE=0.170142, 平滑损失=0.029737 [最佳] [有效]
2025-09-19 11:50:28,767 - gcn_gru_fuzzy_Los-loop_visualizer - INFO - Epoch 65 完成: 训练损失=0.029733, 验证损失=0.030167, 损失变化率=0.01%
2025-09-19 11:50:40,911 - src.model_training - INFO - 轮次 66/100: 损失=0.029727, 验证损失=0.030164, 损失变化率=0.02%, MAE=0.098282, 验证MAE=0.099591, RMSE=0.168812, 验证RMSE=0.170139, 平滑损失=0.029734 [最佳] [有效]
2025-09-19 11:50:40,916 - gcn_gru_fuzzy_Los-loop_visualizer - INFO - Epoch 66 完成: 训练损失=0.029727, 验证损失=0.030164, 损失变化率=0.02%
2025-09-19 11:50:53,124 - src.model_training - INFO - 轮次 67/100: 损失=0.029733, 验证损失=0.030159, 损失变化率=-0.02%, MAE=0.098301, 验证MAE=0.098008, RMSE=0.168829, 验证RMSE=0.170099, 平滑损失=0.029734 [有效]
2025-09-19 11:50:53,129 - gcn_gru_fuzzy_Los-loop_visualizer - INFO - Epoch 67 完成: 训练损失=0.029733, 验证损失=0.030159, 损失变化率=-0.02%
2025-09-19 11:51:05,126 - src.model_training - INFO - 轮次 68/100: 损失=0.029723, 验证损失=0.030147, 损失变化率=0.03%, MAE=0.098251, 验证MAE=0.099868, RMSE=0.168807, 验证RMSE=0.170049, 平滑损失=0.029731 [最佳] [有效]
2025-09-19 11:51:05,131 - gcn_gru_fuzzy_Los-loop_visualizer - INFO - Epoch 68 完成: 训练损失=0.029723, 验证损失=0.030147, 损失变化率=0.03%
2025-09-19 11:51:17,178 - src.model_training - INFO - 轮次 69/100: 损失=0.029721, 验证损失=0.030136, 损失变化率=0.01%, MAE=0.098238, 验证MAE=0.099206, RMSE=0.168800, 验证RMSE=0.170038, 平滑损失=0.029727 [最佳] [有效]
2025-09-19 11:51:17,183 - gcn_gru_fuzzy_Los-loop_visualizer - INFO - Epoch 69 完成: 训练损失=0.029721, 验证损失=0.030136, 损失变化率=0.01%
2025-09-19 11:51:29,327 - src.model_training - INFO - 轮次 70/100: 损失=0.029720, 验证损失=0.030138, 损失变化率=0.00%, MAE=0.098263, 验证MAE=0.099416, RMSE=0.168798, 验证RMSE=0.170029, 平滑损失=0.029725 [最佳] [有效]
2025-09-19 11:51:29,327 - gcn_gru_fuzzy_Los-loop_visualizer - INFO - Epoch 70 完成: 训练损失=0.029720, 验证损失=0.030138, 损失变化率=0.00%
2025-09-19 11:51:41,219 - src.model_training - INFO - 轮次 71/100: 损失=0.029720, 验证损失=0.030135, 损失变化率=-0.00%, MAE=0.098257, 验证MAE=0.099412, RMSE=0.168798, 验证RMSE=0.170030, 平滑损失=0.029723 [最佳] [有效]
2025-09-19 11:51:41,224 - gcn_gru_fuzzy_Los-loop_visualizer - INFO - Epoch 71 完成: 训练损失=0.029720, 验证损失=0.030135, 损失变化率=-0.00%
2025-09-19 11:51:53,113 - src.model_training - INFO - 轮次 72/100: 损失=0.029720, 验证损失=0.030133, 损失变化率=-0.00%, MAE=0.098220, 验证MAE=0.099338, RMSE=0.168800, 验证RMSE=0.170023, 平滑损失=0.029721 [最佳] [有效]
2025-09-19 11:51:53,118 - gcn_gru_fuzzy_Los-loop_visualizer - INFO - Epoch 72 完成: 训练损失=0.029720, 验证损失=0.030133, 损失变化率=-0.00%
2025-09-19 11:52:04,844 - src.model_training - INFO - 轮次 73/100: 损失=0.029713, 验证损失=0.030144, 损失变化率=0.02%, MAE=0.098220, 验证MAE=0.100097, RMSE=0.168782, 验证RMSE=0.170060, 平滑损失=0.029719 [最佳] [有效]
2025-09-19 11:52:04,850 - gcn_gru_fuzzy_Los-loop_visualizer - INFO - Epoch 73 完成: 训练损失=0.029713, 验证损失=0.030144, 损失变化率=0.02%
2025-09-19 11:52:16,625 - src.model_training - INFO - 轮次 74/100: 损失=0.029713, 验证损失=0.030131, 损失变化率=-0.00%, MAE=0.098236, 验证MAE=0.099541, RMSE=0.168782, 验证RMSE=0.170020, 平滑损失=0.029717 [有效]
2025-09-19 11:52:16,630 - gcn_gru_fuzzy_Los-loop_visualizer - INFO - Epoch 74 完成: 训练损失=0.029713, 验证损失=0.030131, 损失变化率=-0.00%
2025-09-19 11:52:28,421 - src.model_training - INFO - 轮次 75/100: 损失=0.029712, 验证损失=0.030138, 损失变化率=0.00%, MAE=0.098251, 验证MAE=0.099182, RMSE=0.168780, 验证RMSE=0.170028, 平滑损失=0.029716 [最佳] [有效]
2025-09-19 11:52:28,425 - gcn_gru_fuzzy_Los-loop_visualizer - INFO - Epoch 75 完成: 训练损失=0.029712, 验证损失=0.030138, 损失变化率=0.00%
2025-09-19 11:52:40,514 - src.model_training - INFO - 轮次 76/100: 损失=0.029712, 验证损失=0.030131, 损失变化率=-0.00%, MAE=0.098177, 验证MAE=0.099528, RMSE=0.168781, 验证RMSE=0.170017, 平滑损失=0.029714 [最佳] [有效]
2025-09-19 11:52:40,519 - gcn_gru_fuzzy_Los-loop_visualizer - INFO - Epoch 76 完成: 训练损失=0.029712, 验证损失=0.030131, 损失变化率=-0.00%
2025-09-19 11:52:52,271 - src.model_training - INFO - 轮次 77/100: 损失=0.029713, 验证损失=0.030144, 损失变化率=-0.00%, MAE=0.098258, 验证MAE=0.100020, RMSE=0.168783, 验证RMSE=0.170070, 平滑损失=0.029713 [有效]
2025-09-19 11:52:52,276 - gcn_gru_fuzzy_Los-loop_visualizer - INFO - Epoch 77 完成: 训练损失=0.029713, 验证损失=0.030144, 损失变化率=-0.00%
2025-09-19 11:53:04,082 - src.model_training - INFO - 轮次 78/100: 损失=0.029709, 验证损失=0.030129, 损失变化率=0.01%, MAE=0.098190, 验证MAE=0.099042, RMSE=0.168773, 验证RMSE=0.170014, 平滑损失=0.029712 [最佳] [有效]
2025-09-19 11:53:04,087 - gcn_gru_fuzzy_Los-loop_visualizer - INFO - Epoch 78 完成: 训练损失=0.029709, 验证损失=0.030129, 损失变化率=0.01%
2025-09-19 11:53:15,916 - src.model_training - INFO - 轮次 79/100: 损失=0.029709, 验证损失=0.030132, 损失变化率=0.00%, MAE=0.098204, 验证MAE=0.099565, RMSE=0.168771, 验证RMSE=0.170026, 平滑损失=0.029711 [最佳] [有效]
2025-09-19 11:53:15,920 - gcn_gru_fuzzy_Los-loop_visualizer - INFO - Epoch 79 完成: 训练损失=0.029709, 验证损失=0.030132, 损失变化率=0.00%
2025-09-19 11:53:27,800 - src.model_training - INFO - 轮次 80/100: 损失=0.029709, 验证损失=0.030130, 损失变化率=-0.00%, MAE=0.098223, 验证MAE=0.099230, RMSE=0.168773, 验证RMSE=0.170014, 平滑损失=0.029710 [有效]
2025-09-19 11:53:27,804 - gcn_gru_fuzzy_Los-loop_visualizer - INFO - Epoch 80 完成: 训练损失=0.029709, 验证损失=0.030130, 损失变化率=-0.00%
2025-09-19 11:53:39,545 - src.model_training - INFO - 轮次 81/100: 损失=0.029709, 验证损失=0.030132, 损失变化率=0.00%, MAE=0.098201, 验证MAE=0.099311, RMSE=0.168773, 验证RMSE=0.170028, 平滑损失=0.029710 [有效]
2025-09-19 11:53:39,550 - gcn_gru_fuzzy_Los-loop_visualizer - INFO - Epoch 81 完成: 训练损失=0.029709, 验证损失=0.030132, 损失变化率=0.00%
2025-09-19 11:53:51,432 - src.model_training - INFO - 轮次 82/100: 损失=0.029708, 验证损失=0.030129, 损失变化率=0.00%, MAE=0.098213, 验证MAE=0.099201, RMSE=0.168772, 验证RMSE=0.170013, 平滑损失=0.029709 [最佳] [有效]
2025-09-19 11:53:51,437 - gcn_gru_fuzzy_Los-loop_visualizer - INFO - Epoch 82 完成: 训练损失=0.029708, 验证损失=0.030129, 损失变化率=0.00%
2025-09-19 11:54:03,405 - src.model_training - INFO - 轮次 83/100: 损失=0.029707, 验证损失=0.030130, 损失变化率=0.00%, MAE=0.098194, 验证MAE=0.099274, RMSE=0.168768, 验证RMSE=0.170012, 平滑损失=0.029708 [最佳] [有效]
2025-09-19 11:54:03,410 - gcn_gru_fuzzy_Los-loop_visualizer - INFO - Epoch 83 完成: 训练损失=0.029707, 验证损失=0.030130, 损失变化率=0.00%
2025-09-19 11:54:15,361 - src.model_training - INFO - 轮次 84/100: 损失=0.029707, 验证损失=0.030130, 损失变化率=-0.00%, MAE=0.098222, 验证MAE=0.099125, RMSE=0.168768, 验证RMSE=0.170016, 平滑损失=0.029708 [有效]
2025-09-19 11:54:15,365 - gcn_gru_fuzzy_Los-loop_visualizer - INFO - Epoch 84 完成: 训练损失=0.029707, 验证损失=0.030130, 损失变化率=-0.00%
2025-09-19 11:54:27,394 - src.model_training - INFO - 轮次 85/100: 损失=0.029707, 验证损失=0.030131, 损失变化率=0.00%, MAE=0.098212, 验证MAE=0.099281, RMSE=0.168768, 验证RMSE=0.170016, 平滑损失=0.029708 [最佳] [有效]
2025-09-19 11:54:27,398 - gcn_gru_fuzzy_Los-loop_visualizer - INFO - Epoch 85 完成: 训练损失=0.029707, 验证损失=0.030131, 损失变化率=0.00%
2025-09-19 11:54:39,271 - src.model_training - INFO - 轮次 86/100: 损失=0.029707, 验证损失=0.030132, 损失变化率=-0.00%, MAE=0.098195, 验证MAE=0.099335, RMSE=0.168767, 验证RMSE=0.170027, 平滑损失=0.029707 [最佳] [有效]
2025-09-19 11:54:39,275 - gcn_gru_fuzzy_Los-loop_visualizer - INFO - Epoch 86 完成: 训练损失=0.029707, 验证损失=0.030132, 损失变化率=-0.00%
2025-09-19 11:54:51,150 - src.model_training - INFO - 轮次 87/100: 损失=0.029707, 验证损失=0.030130, 损失变化率=0.00%, MAE=0.098215, 验证MAE=0.099048, RMSE=0.168769, 验证RMSE=0.170009, 平滑损失=0.029707 [有效]
2025-09-19 11:54:51,154 - gcn_gru_fuzzy_Los-loop_visualizer - INFO - Epoch 87 完成: 训练损失=0.029707, 验证损失=0.030130, 损失变化率=0.00%
2025-09-19 11:55:03,113 - src.model_training - INFO - 轮次 88/100: 损失=0.029706, 验证损失=0.030128, 损失变化率=0.00%, MAE=0.098151, 验证MAE=0.099037, RMSE=0.168761, 验证RMSE=0.170012, 平滑损失=0.029707 [最佳] [有效]
2025-09-19 11:55:03,119 - gcn_gru_fuzzy_Los-loop_visualizer - INFO - Epoch 88 完成: 训练损失=0.029706, 验证损失=0.030128, 损失变化率=0.00%
2025-09-19 11:55:14,946 - src.model_training - INFO - 轮次 89/100: 损失=0.029706, 验证损失=0.030130, 损失变化率=-0.00%, MAE=0.098206, 验证MAE=0.099298, RMSE=0.168765, 验证RMSE=0.170023, 平滑损失=0.029706 [有效]
2025-09-19 11:55:14,951 - gcn_gru_fuzzy_Los-loop_visualizer - INFO - Epoch 89 完成: 训练损失=0.029706, 验证损失=0.030130, 损失变化率=-0.00%
2025-09-19 11:55:26,843 - src.model_training - INFO - 轮次 90/100: 损失=0.029706, 验证损失=0.030130, 损失变化率=0.00%, MAE=0.098200, 验证MAE=0.099346, RMSE=0.168767, 验证RMSE=0.170016, 平滑损失=0.029706 [最佳] [有效]
2025-09-19 11:55:26,848 - gcn_gru_fuzzy_Los-loop_visualizer - INFO - Epoch 90 完成: 训练损失=0.029706, 验证损失=0.030130, 损失变化率=0.00%
2025-09-19 11:55:38,833 - src.model_training - INFO - 轮次 91/100: 损失=0.029706, 验证损失=0.030129, 损失变化率=-0.00%, MAE=0.098209, 验证MAE=0.099137, RMSE=0.168765, 验证RMSE=0.170010, 平滑损失=0.029706 [有效]
2025-09-19 11:55:38,838 - gcn_gru_fuzzy_Los-loop_visualizer - INFO - Epoch 91 完成: 训练损失=0.029706, 验证损失=0.030129, 损失变化率=-0.00%
2025-09-19 11:55:50,755 - src.model_training - INFO - 轮次 92/100: 损失=0.029706, 验证损失=0.030130, 损失变化率=-0.00%, MAE=0.098205, 验证MAE=0.099265, RMSE=0.168764, 验证RMSE=0.170019, 平滑损失=0.029706 [有效]
2025-09-19 11:55:50,766 - gcn_gru_fuzzy_Los-loop_visualizer - INFO - Epoch 92 完成: 训练损失=0.029706, 验证损失=0.030130, 损失变化率=-0.00%
2025-09-19 11:56:02,310 - src.model_training - INFO - 轮次 93/100: 损失=0.029705, 验证损失=0.030129, 损失变化率=0.00%, MAE=0.098189, 验证MAE=0.099145, RMSE=0.168765, 验证RMSE=0.170013, 平滑损失=0.029706 [最佳] [有效]
2025-09-19 11:56:02,320 - gcn_gru_fuzzy_Los-loop_visualizer - INFO - Epoch 93 完成: 训练损失=0.029705, 验证损失=0.030129, 损失变化率=0.00%
2025-09-19 11:56:14,291 - src.model_training - INFO - 轮次 94/100: 损失=0.029705, 验证损失=0.030130, 损失变化率=0.00%, MAE=0.098191, 验证MAE=0.099347, RMSE=0.168764, 验证RMSE=0.170021, 平滑损失=0.029706 [最佳] [有效]
2025-09-19 11:56:14,295 - gcn_gru_fuzzy_Los-loop_visualizer - INFO - Epoch 94 完成: 训练损失=0.029705, 验证损失=0.030130, 损失变化率=0.00%
2025-09-19 11:56:26,488 - src.model_training - INFO - 轮次 95/100: 损失=0.029705, 验证损失=0.030129, 损失变化率=-0.00%, MAE=0.098191, 验证MAE=0.099261, RMSE=0.168764, 验证RMSE=0.170017, 平滑损失=0.029706 [有效]
2025-09-19 11:56:26,492 - gcn_gru_fuzzy_Los-loop_visualizer - INFO - Epoch 95 完成: 训练损失=0.029705, 验证损失=0.030129, 损失变化率=-0.00%
2025-09-19 11:56:38,785 - src.model_training - INFO - 轮次 96/100: 损失=0.029705, 验证损失=0.030129, 损失变化率=0.00%, MAE=0.098201, 验证MAE=0.099245, RMSE=0.168765, 验证RMSE=0.170015, 平滑损失=0.029705 [最佳] [有效]
2025-09-19 11:56:38,790 - gcn_gru_fuzzy_Los-loop_visualizer - INFO - Epoch 96 完成: 训练损失=0.029705, 验证损失=0.030129, 损失变化率=0.00%
2025-09-19 11:56:51,130 - src.model_training - INFO - 轮次 97/100: 损失=0.029705, 验证损失=0.030129, 损失变化率=-0.00%, MAE=0.098214, 验证MAE=0.099229, RMSE=0.168765, 验证RMSE=0.170014, 平滑损失=0.029705 [有效]
2025-09-19 11:56:51,137 - gcn_gru_fuzzy_Los-loop_visualizer - INFO - Epoch 97 完成: 训练损失=0.029705, 验证损失=0.030129, 损失变化率=-0.00%
2025-09-19 11:57:03,562 - src.model_training - INFO - 轮次 98/100: 损失=0.029705, 验证损失=0.030129, 损失变化率=0.00%, MAE=0.098200, 验证MAE=0.099140, RMSE=0.168763, 验证RMSE=0.170012, 平滑损失=0.029705 [最佳] [有效]
2025-09-19 11:57:03,569 - gcn_gru_fuzzy_Los-loop_visualizer - INFO - Epoch 98 完成: 训练损失=0.029705, 验证损失=0.030129, 损失变化率=0.00%
2025-09-19 11:57:03,574 - gcn_gru_fuzzy_Los-loop_visualizer - INFO - 训练完成！总耗时: 0小时 19分钟 22秒
2025-09-19 11:57:03,583 - gcn_gru_fuzzy_Los-loop_visualizer - INFO - 训练历史已保存到: D:\大三夏季学期\交通车辆速度预测应用系统\logs\training_history_gcn_gru_fuzzy_Los-loop_20250919_115703.json
2025-09-19 11:57:03,583 - src.model_training - INFO - 保存训练好的模型...
2025-09-19 11:57:03,687 - src.model_training - INFO - 模型已保存至: D:\大三夏季学期\交通车辆速度预测应用系统\models\gcn_gru_fuzzy_Los-loop.keras
2025-09-19 11:57:03,690 - src.model_training - INFO - 模型信息已保存至: D:\大三夏季学期\交通车辆速度预测应用系统\models\gcn_gru_fuzzy_Los-loop_info.pkl
2025-09-19 11:57:03,691 - TrafficPrediction - INFO - 模糊推理系统已保存至: D:\大三夏季学期\交通车辆速度预测应用系统\models\fuzzy_system_Los-loop.pkl
2025-09-19 11:57:03,692 - src.model_training - INFO - 模糊推理系统已保存至: D:\大三夏季学期\交通车辆速度预测应用系统\models\fuzzy_system_Los-loop.pkl
2025-09-19 11:57:03,692 - src.model_training - INFO - 在测试集上评估模型性能...
2025-09-19 11:57:06,129 - src.model_training - INFO - 测试集性能:
2025-09-19 11:57:06,130 - src.model_training - INFO - Loss: 0.0301
2025-09-19 11:57:06,130 - src.model_training - INFO - RMSE (标准化): 0.1700
2025-09-19 11:57:06,130 - src.model_training - INFO - RMSE (原始值，km/h): 20.4013
2025-09-19 11:57:06,131 - src.model_training - INFO - MAE (标准化): 0.0989
2025-09-19 11:57:06,131 - src.model_training - INFO - MAE (原始值，km/h): 11.8672
2025-09-19 11:57:09,063 - src.model_training - INFO - 准确率 (±10.0%误差范围): 65.79%
2025-09-19 11:57:09,074 - src.model_training - INFO - 测试结果已保存至: D:\大三夏季学期\交通车辆速度预测应用系统\results\test_results_20250919_115709.pkl
2025-09-19 11:57:09,075 - gcn_gru_fuzzy_Los-loop_visualizer - INFO - 测试结果: {'loss': 0.03012796863913536, 'rmse': 0.1700105518102646, 'mae': 0.09889331459999084, 'original_rmse': 20.40126621723175, 'original_mae': 11.867197751998901, 'accuracy': 0.6578900855244701}
2025-09-19 11:57:11,921 - gcn_gru_fuzzy_Los-loop_visualizer - INFO - 训练进度图表已保存到: D:\大三夏季学期\交通车辆速度预测应用系统\logs\training_progress_gcn_gru_fuzzy_Los-loop_20250919_115709.png
2025-09-19 12:00:27,905 - gcn_gru_fuzzy_Los-loop_visualizer - INFO - 预测对比图表已保存到: D:\大三夏季学期\交通车辆速度预测应用系统\logs\prediction_comparison_gcn_gru_fuzzy_Los-loop_20250919_120024.png
2025-09-19 12:00:31,800 - gcn_gru_fuzzy_Los-loop_visualizer - INFO - 误差分布图已保存到: D:\大三夏季学期\交通车辆速度预测应用系统\logs\error_distribution_gcn_gru_fuzzy_Los-loop_20250919_120030.png
