2025-09-18 23:46:38,477 - TrafficPrediction - INFO - === 交通车辆速度预测应用系统 ===
2025-09-18 23:46:38,477 - TrafficPrediction - INFO - 当前模式: train
2025-09-18 23:46:38,477 - TrafficPrediction - INFO - 开始模型训练...
2025-09-18 23:46:38,693 - numexpr.utils - INFO - Note: NumExpr detected 32 cores but "NUMEXPR_MAX_THREADS" not set, so enforcing safe limit of 8.
2025-09-18 23:46:38,694 - numexpr.utils - INFO - NumExpr defaulting to 8 threads.
2025-09-18 23:46:42,399 - src.model_training - INFO - 开始训练模型: gcn_gru_fuzzy, 数据集: Los-loop
2025-09-18 23:46:42,400 - src.model_training - INFO - 加载数据集: Los-loop
2025-09-18 23:46:42,718 - src.model_training - INFO - 已加载预训练的标准化器
2025-09-18 23:46:42,718 - src.model_training - INFO - 数据集加载完成: X形状=(32111, 12, 207), y形状=(32111, 207), 外部特征形状=(32111, 207, 10), 邻接矩阵形状=(207, 207)
2025-09-18 23:46:42,719 - src.model_training - INFO - 划分数据集...
2025-09-18 23:46:43,215 - src.model_training - INFO - 训练集大小: 19266
2025-09-18 23:46:43,215 - src.model_training - INFO - 验证集大小: 6422
2025-09-18 23:46:43,216 - src.model_training - INFO - 测试集大小: 6423
2025-09-18 23:46:43,268 - src.model_training - INFO - 创建模型，节点数: 207, 隐藏层大小: 64
2025-09-18 23:46:43,269 - src.model_structure - INFO - 创建模型: 节点数=207, 时间步=12, 隐藏层大小=64
2025-09-18 23:46:43,270 - TrafficPrediction - INFO - 初始化模糊推理系统...
2025-09-18 23:46:43,316 - src.model_structure - INFO - SpatioTemporalGCNGRU.call() called with inputs type: <class 'list'>
2025-09-18 23:46:43,317 - src.model_structure - INFO - Training mode: False
2025-09-18 23:46:43,317 - src.model_structure - INFO - Inputs is list/tuple with length: 3
2025-09-18 23:46:43,317 - src.model_structure - INFO - Speed sequences shape: (None, 12, 207)
2025-09-18 23:46:43,317 - src.model_structure - INFO - Adjacency matrix shape: (None, 207, 207)
2025-09-18 23:46:43,317 - src.model_structure - INFO - External features shape: (None, 207, 10)
2025-09-18 23:46:43,317 - src.model_structure - ERROR - Error in SpatioTemporalGCNGRU.call(): unsupported operand type(s) for *: 'NoneType' and 'int'
2025-09-18 23:46:43,318 - src.model_structure - ERROR - Inputs type: <class 'list'>
2025-09-18 23:46:43,318 - src.model_structure - ERROR - Training type: <class 'bool'>
2025-09-18 23:46:43,318 - src.model_structure - ERROR - Training value: False
