2025-09-19 11:37:41,495 - INFO - 开始训练模型: gcn_gru_fuzzy，数据集: Los-loop，总轮次: 100
2025-09-19 11:37:58,533 - INFO - Epoch 1 完成: 训练损失=0.125638, 验证损失=0.039534, 损失变化率=0.00%
2025-09-19 11:38:07,963 - INFO - Epoch 2 完成: 训练损失=0.037297, 验证损失=0.035982, 损失变化率=70.31%
2025-09-19 11:38:18,112 - INFO - Epoch 3 完成: 训练损失=0.034117, 验证损失=0.033688, 损失变化率=8.53%
2025-09-19 11:38:28,701 - INFO - Epoch 4 完成: 训练损失=0.032926, 验证损失=0.032998, 损失变化率=3.49%
2025-09-19 11:38:38,938 - INFO - Epoch 5 完成: 训练损失=0.032448, 验证损失=0.032671, 损失变化率=1.45%
2025-09-19 11:38:49,257 - INFO - Epoch 6 完成: 训练损失=0.032146, 验证损失=0.032226, 损失变化率=0.93%
2025-09-19 11:39:00,973 - INFO - Epoch 7 完成: 训练损失=0.031787, 验证损失=0.032176, 损失变化率=1.11%
2025-09-19 11:39:13,162 - INFO - Epoch 8 完成: 训练损失=0.031575, 验证损失=0.031825, 损失变化率=0.67%
2025-09-19 11:39:25,147 - INFO - Epoch 9 完成: 训练损失=0.031394, 验证损失=0.031698, 损失变化率=0.57%
2025-09-19 11:39:37,219 - INFO - Epoch 10 完成: 训练损失=0.031214, 验证损失=0.031487, 损失变化率=0.57%
2025-09-19 11:39:49,216 - INFO - Epoch 11 完成: 训练损失=0.031077, 验证损失=0.031362, 损失变化率=0.44%
2025-09-19 11:40:01,258 - INFO - Epoch 12 完成: 训练损失=0.030938, 验证损失=0.031254, 损失变化率=0.45%
2025-09-19 11:40:13,275 - INFO - Epoch 13 完成: 训练损失=0.030863, 验证损失=0.031114, 损失变化率=0.24%
2025-09-19 11:40:25,262 - INFO - Epoch 14 完成: 训练损失=0.030803, 验证损失=0.031166, 损失变化率=0.19%
2025-09-19 11:40:37,162 - INFO - Epoch 15 完成: 训练损失=0.030771, 验证损失=0.031151, 损失变化率=0.10%
2025-09-19 11:40:48,599 - INFO - Epoch 16 完成: 训练损失=0.030682, 验证损失=0.031153, 损失变化率=0.29%
2025-09-19 11:41:00,231 - INFO - Epoch 17 完成: 训练损失=0.030657, 验证损失=0.030993, 损失变化率=0.08%
2025-09-19 11:41:11,761 - INFO - Epoch 18 完成: 训练损失=0.030596, 验证损失=0.031007, 损失变化率=0.20%
2025-09-19 11:41:23,514 - INFO - Epoch 19 完成: 训练损失=0.030553, 验证损失=0.031429, 损失变化率=0.14%
2025-09-19 11:41:35,225 - INFO - Epoch 20 完成: 训练损失=0.030501, 验证损失=0.030947, 损失变化率=0.17%
2025-09-19 11:41:46,937 - INFO - Epoch 21 完成: 训练损失=0.030518, 验证损失=0.030798, 损失变化率=-0.06%
2025-09-19 11:41:58,919 - INFO - Epoch 22 完成: 训练损失=0.030437, 验证损失=0.030850, 损失变化率=0.26%
2025-09-19 11:42:11,022 - INFO - Epoch 23 完成: 训练损失=0.030433, 验证损失=0.030778, 损失变化率=0.01%
2025-09-19 11:42:23,037 - INFO - Epoch 24 完成: 训练损失=0.030367, 验证损失=0.030695, 损失变化率=0.22%
2025-09-19 11:42:35,006 - INFO - Epoch 25 完成: 训练损失=0.030349, 验证损失=0.030955, 损失变化率=0.06%
2025-09-19 11:42:46,936 - INFO - Epoch 26 完成: 训练损失=0.030324, 验证损失=0.030708, 损失变化率=0.08%
2025-09-19 11:42:58,961 - INFO - Epoch 27 完成: 训练损失=0.030288, 验证损失=0.030658, 损失变化率=0.12%
2025-09-19 11:43:11,025 - INFO - Epoch 28 完成: 训练损失=0.030285, 验证损失=0.030657, 损失变化率=0.01%
2025-09-19 11:43:23,027 - INFO - Epoch 29 完成: 训练损失=0.030248, 验证损失=0.030567, 损失变化率=0.12%
2025-09-19 11:43:35,145 - INFO - Epoch 30 完成: 训练损失=0.030212, 验证损失=0.030521, 损失变化率=0.12%
2025-09-19 11:43:47,073 - INFO - Epoch 31 完成: 训练损失=0.030189, 验证损失=0.030547, 损失变化率=0.08%
2025-09-19 11:43:59,080 - INFO - Epoch 32 完成: 训练损失=0.030187, 验证损失=0.030612, 损失变化率=0.00%
2025-09-19 11:44:10,912 - INFO - Epoch 33 完成: 训练损失=0.030153, 验证损失=0.030637, 损失变化率=0.11%
2025-09-19 11:44:22,763 - INFO - Epoch 34 完成: 训练损失=0.030163, 验证损失=0.030427, 损失变化率=-0.03%
2025-09-19 11:44:34,768 - INFO - Epoch 35 完成: 训练损失=0.030144, 验证损失=0.030552, 损失变化率=0.06%
2025-09-19 11:44:46,743 - INFO - Epoch 36 完成: 训练损失=0.030114, 验证损失=0.030525, 损失变化率=0.10%
2025-09-19 11:44:58,747 - INFO - Epoch 37 完成: 训练损失=0.030083, 验证损失=0.030405, 损失变化率=0.10%
2025-09-19 11:45:10,642 - INFO - Epoch 38 完成: 训练损失=0.030066, 验证损失=0.030493, 损失变化率=0.06%
2025-09-19 11:45:22,560 - INFO - Epoch 39 完成: 训练损失=0.030054, 验证损失=0.030467, 损失变化率=0.04%
2025-09-19 11:45:34,653 - INFO - Epoch 40 完成: 训练损失=0.029937, 验证损失=0.030375, 损失变化率=0.39%
2025-09-19 11:45:46,735 - INFO - Epoch 41 完成: 训练损失=0.029930, 验证损失=0.030328, 损失变化率=0.03%
2025-09-19 11:45:58,772 - INFO - Epoch 42 完成: 训练损失=0.029901, 验证损失=0.030250, 损失变化率=0.10%
2025-09-19 11:46:10,635 - INFO - Epoch 43 完成: 训练损失=0.029920, 验证损失=0.030406, 损失变化率=-0.06%
2025-09-19 11:46:22,501 - INFO - Epoch 44 完成: 训练损失=0.029909, 验证损失=0.030294, 损失变化率=0.04%
2025-09-19 11:46:34,334 - INFO - Epoch 45 完成: 训练损失=0.029918, 验证损失=0.030315, 损失变化率=-0.03%
2025-09-19 11:46:46,237 - INFO - Epoch 46 完成: 训练损失=0.029885, 验证损失=0.030279, 损失变化率=0.11%
2025-09-19 11:46:58,043 - INFO - Epoch 47 完成: 训练损失=0.029881, 验证损失=0.030270, 损失变化率=0.01%
2025-09-19 11:47:09,893 - INFO - Epoch 48 完成: 训练损失=0.029810, 验证损失=0.030198, 损失变化率=0.24%
2025-09-19 11:47:21,630 - INFO - Epoch 49 完成: 训练损失=0.029811, 验证损失=0.030236, 损失变化率=-0.00%
2025-09-19 11:47:33,405 - INFO - Epoch 50 完成: 训练损失=0.029810, 验证损失=0.030231, 损失变化率=0.00%
2025-09-19 11:47:45,369 - INFO - Epoch 51 完成: 训练损失=0.029808, 验证损失=0.030190, 损失变化率=0.01%
2025-09-19 11:47:56,812 - INFO - Epoch 52 完成: 训练损失=0.029808, 验证损失=0.030221, 损失变化率=0.00%
2025-09-19 11:48:08,286 - INFO - Epoch 53 完成: 训练损失=0.029767, 验证损失=0.030168, 损失变化率=0.14%
2025-09-19 11:48:19,774 - INFO - Epoch 54 完成: 训练损失=0.029767, 验证损失=0.030204, 损失变化率=0.00%
2025-09-19 11:48:31,418 - INFO - Epoch 55 完成: 训练损失=0.029768, 验证损失=0.030159, 损失变化率=-0.00%
2025-09-19 11:48:42,589 - INFO - Epoch 56 完成: 训练损失=0.029763, 验证损失=0.030162, 损失变化率=0.02%
2025-09-19 11:48:53,921 - INFO - Epoch 57 完成: 训练损失=0.029760, 验证损失=0.030162, 损失变化率=0.01%
2025-09-19 11:49:05,437 - INFO - Epoch 58 完成: 训练损失=0.029744, 验证损失=0.030159, 损失变化率=0.05%
2025-09-19 11:49:16,925 - INFO - Epoch 59 完成: 训练损失=0.029740, 验证损失=0.030152, 损失变化率=0.01%
2025-09-19 11:49:28,783 - INFO - Epoch 60 完成: 训练损失=0.029738, 验证损失=0.030169, 损失变化率=0.01%
2025-09-19 11:49:40,929 - INFO - Epoch 61 完成: 训练损失=0.029740, 验证损失=0.030150, 损失变化率=-0.01%
2025-09-19 11:49:52,879 - INFO - Epoch 62 完成: 训练损失=0.029735, 验证损失=0.030148, 损失变化率=0.02%
2025-09-19 11:50:04,985 - INFO - Epoch 63 完成: 训练损失=0.029739, 验证损失=0.030144, 损失变化率=-0.01%
2025-09-19 11:50:16,801 - INFO - Epoch 64 完成: 训练损失=0.029737, 验证损失=0.030169, 损失变化率=0.01%
2025-09-19 11:50:28,767 - INFO - Epoch 65 完成: 训练损失=0.029733, 验证损失=0.030167, 损失变化率=0.01%
2025-09-19 11:50:40,916 - INFO - Epoch 66 完成: 训练损失=0.029727, 验证损失=0.030164, 损失变化率=0.02%
2025-09-19 11:50:53,129 - INFO - Epoch 67 完成: 训练损失=0.029733, 验证损失=0.030159, 损失变化率=-0.02%
2025-09-19 11:51:05,131 - INFO - Epoch 68 完成: 训练损失=0.029723, 验证损失=0.030147, 损失变化率=0.03%
2025-09-19 11:51:17,183 - INFO - Epoch 69 完成: 训练损失=0.029721, 验证损失=0.030136, 损失变化率=0.01%
2025-09-19 11:51:29,327 - INFO - Epoch 70 完成: 训练损失=0.029720, 验证损失=0.030138, 损失变化率=0.00%
2025-09-19 11:51:41,224 - INFO - Epoch 71 完成: 训练损失=0.029720, 验证损失=0.030135, 损失变化率=-0.00%
2025-09-19 11:51:53,118 - INFO - Epoch 72 完成: 训练损失=0.029720, 验证损失=0.030133, 损失变化率=-0.00%
2025-09-19 11:52:04,850 - INFO - Epoch 73 完成: 训练损失=0.029713, 验证损失=0.030144, 损失变化率=0.02%
2025-09-19 11:52:16,630 - INFO - Epoch 74 完成: 训练损失=0.029713, 验证损失=0.030131, 损失变化率=-0.00%
2025-09-19 11:52:28,425 - INFO - Epoch 75 完成: 训练损失=0.029712, 验证损失=0.030138, 损失变化率=0.00%
2025-09-19 11:52:40,519 - INFO - Epoch 76 完成: 训练损失=0.029712, 验证损失=0.030131, 损失变化率=-0.00%
2025-09-19 11:52:52,276 - INFO - Epoch 77 完成: 训练损失=0.029713, 验证损失=0.030144, 损失变化率=-0.00%
2025-09-19 11:53:04,087 - INFO - Epoch 78 完成: 训练损失=0.029709, 验证损失=0.030129, 损失变化率=0.01%
2025-09-19 11:53:15,920 - INFO - Epoch 79 完成: 训练损失=0.029709, 验证损失=0.030132, 损失变化率=0.00%
2025-09-19 11:53:27,804 - INFO - Epoch 80 完成: 训练损失=0.029709, 验证损失=0.030130, 损失变化率=-0.00%
2025-09-19 11:53:39,550 - INFO - Epoch 81 完成: 训练损失=0.029709, 验证损失=0.030132, 损失变化率=0.00%
2025-09-19 11:53:51,437 - INFO - Epoch 82 完成: 训练损失=0.029708, 验证损失=0.030129, 损失变化率=0.00%
2025-09-19 11:54:03,410 - INFO - Epoch 83 完成: 训练损失=0.029707, 验证损失=0.030130, 损失变化率=0.00%
2025-09-19 11:54:15,365 - INFO - Epoch 84 完成: 训练损失=0.029707, 验证损失=0.030130, 损失变化率=-0.00%
2025-09-19 11:54:27,398 - INFO - Epoch 85 完成: 训练损失=0.029707, 验证损失=0.030131, 损失变化率=0.00%
2025-09-19 11:54:39,275 - INFO - Epoch 86 完成: 训练损失=0.029707, 验证损失=0.030132, 损失变化率=-0.00%
2025-09-19 11:54:51,154 - INFO - Epoch 87 完成: 训练损失=0.029707, 验证损失=0.030130, 损失变化率=0.00%
2025-09-19 11:55:03,119 - INFO - Epoch 88 完成: 训练损失=0.029706, 验证损失=0.030128, 损失变化率=0.00%
2025-09-19 11:55:14,951 - INFO - Epoch 89 完成: 训练损失=0.029706, 验证损失=0.030130, 损失变化率=-0.00%
2025-09-19 11:55:26,848 - INFO - Epoch 90 完成: 训练损失=0.029706, 验证损失=0.030130, 损失变化率=0.00%
2025-09-19 11:55:38,838 - INFO - Epoch 91 完成: 训练损失=0.029706, 验证损失=0.030129, 损失变化率=-0.00%
2025-09-19 11:55:50,766 - INFO - Epoch 92 完成: 训练损失=0.029706, 验证损失=0.030130, 损失变化率=-0.00%
2025-09-19 11:56:02,320 - INFO - Epoch 93 完成: 训练损失=0.029705, 验证损失=0.030129, 损失变化率=0.00%
2025-09-19 11:56:14,295 - INFO - Epoch 94 完成: 训练损失=0.029705, 验证损失=0.030130, 损失变化率=0.00%
2025-09-19 11:56:26,492 - INFO - Epoch 95 完成: 训练损失=0.029705, 验证损失=0.030129, 损失变化率=-0.00%
2025-09-19 11:56:38,790 - INFO - Epoch 96 完成: 训练损失=0.029705, 验证损失=0.030129, 损失变化率=0.00%
2025-09-19 11:56:51,137 - INFO - Epoch 97 完成: 训练损失=0.029705, 验证损失=0.030129, 损失变化率=-0.00%
2025-09-19 11:57:03,569 - INFO - Epoch 98 完成: 训练损失=0.029705, 验证损失=0.030129, 损失变化率=0.00%
2025-09-19 11:57:03,574 - INFO - 训练完成！总耗时: 0小时 19分钟 22秒
2025-09-19 11:57:03,583 - INFO - 训练历史已保存到: D:\大三夏季学期\交通车辆速度预测应用系统\logs\training_history_gcn_gru_fuzzy_Los-loop_20250919_115703.json
2025-09-19 11:57:09,075 - INFO - 测试结果: {'loss': 0.03012796863913536, 'rmse': 0.1700105518102646, 'mae': 0.09889331459999084, 'original_rmse': 20.40126621723175, 'original_mae': 11.867197751998901, 'accuracy': 0.6578900855244701}
2025-09-19 11:57:11,921 - INFO - 训练进度图表已保存到: D:\大三夏季学期\交通车辆速度预测应用系统\logs\training_progress_gcn_gru_fuzzy_Los-loop_20250919_115709.png
2025-09-19 12:00:27,905 - INFO - 预测对比图表已保存到: D:\大三夏季学期\交通车辆速度预测应用系统\logs\prediction_comparison_gcn_gru_fuzzy_Los-loop_20250919_120024.png
2025-09-19 12:00:31,800 - INFO - 误差分布图已保存到: D:\大三夏季学期\交通车辆速度预测应用系统\logs\error_distribution_gcn_gru_fuzzy_Los-loop_20250919_120030.png
